This is pdfTeX, Version 3.141592653-2.6-1.40.22 (TeX Live 2021/Arch Linux) (preloaded format=pdflatex 2021.5.28)  2 JUN 2021 09:16
entering extended mode
 restricted \write18 enabled.
 %&-line parsing enabled.
**del_vs_i_1.tex
(./del_vs_i_1.tex
LaTeX2e <2020-10-01> patch level 4
L3 programming layer <2021-02-18>
(/usr/share/texmf-dist/tex/latex/base/article.cls
Document Class: article 2020/04/10 v1.4m Standard LaTeX document class
(/usr/share/texmf-dist/tex/latex/base/size10.clo
File: size10.clo 2020/04/10 v1.4m Standard LaTeX file (size option)
)
\c@part=\count179
\c@section=\count180
\c@subsection=\count181
\c@subsubsection=\count182
\c@paragraph=\count183
\c@subparagraph=\count184
\c@figure=\count185
\c@table=\count186
\abovecaptionskip=\skip47
\belowcaptionskip=\skip48
\bibindent=\dimen138
)
(/usr/share/texmf-dist/tex/latex/pythontex/pythontex.sty
Package: pythontex 2019/09/22 v0.17 execute and typeset Python code and other l
anguages

(/usr/share/texmf-dist/tex/latex/fvextra/fvextra.sty
Package: fvextra 2019/02/04 v1.4 fvextra - extensions and patches for fancyvrb

(/usr/share/texmf-dist/tex/latex/base/ifthen.sty
Package: ifthen 2014/09/29 v1.1c Standard LaTeX ifthen package (DPC)
)
(/usr/share/texmf-dist/tex/latex/etoolbox/etoolbox.sty
Package: etoolbox 2020/10/05 v2.5k e-TeX tools for LaTeX (JAW)
\etb@tempcnta=\count187
)
(/usr/share/texmf-dist/tex/latex/fancyvrb/fancyvrb.sty
Package: fancyvrb 2021/01/20 v3.7 verbatim text (tvz,hv)

(/usr/share/texmf-dist/tex/latex/graphics/keyval.sty
Package: keyval 2014/10/28 v1.15 key=value parser (DPC)
\KV@toks@=\toks15
)
\FV@CodeLineNo=\count188
\FV@InFile=\read2
\FV@TabBox=\box47
\c@FancyVerbLine=\count189
\FV@StepNumber=\count190
\FV@OutFile=\write3
)
(/usr/share/texmf-dist/tex/latex/upquote/upquote.sty
Package: upquote 2012/04/19 v1.3 upright-quote and grave-accent glyphs in verba
tim
)
(/usr/share/texmf-dist/tex/latex/lineno/lineno.sty
Package: lineno 2005/11/02 line numbers on paragraphs v4.41
\linenopenalty=\count191
\output=\toks16
\linenoprevgraf=\count192
\linenumbersep=\dimen139
\linenumberwidth=\dimen140
\c@linenumber=\count193
\c@pagewiselinenumber=\count194
\c@LN@truepage=\count195
\c@internallinenumber=\count196
\c@internallinenumbers=\count197
\quotelinenumbersep=\dimen141
\bframerule=\dimen142
\bframesep=\dimen143
\bframebox=\box48
LaTeX Info: Redefining \\ on input line 3056.
)
\c@FV@TrueTabGroupLevel=\count198
\c@FV@TrueTabCounter=\count199
\FV@TabBox@Group=\box49
\FV@TmpLength=\skip49
\c@FV@HighlightLinesStart=\count266
\c@FV@HighlightLinesStop=\count267
\FV@LoopCount=\count268
\FV@NCharsBox=\box50
\FV@BreakIndent=\dimen144
\FV@BreakIndentNChars=\count269
\FV@BreakSymbolSepLeft=\dimen145
\FV@BreakSymbolSepLeftNChars=\count270
\FV@BreakSymbolSepRight=\dimen146
\FV@BreakSymbolSepRightNChars=\count271
\FV@BreakSymbolIndentLeft=\dimen147
\FV@BreakSymbolIndentLeftNChars=\count272
\FV@BreakSymbolIndentRight=\dimen148
\FV@BreakSymbolIndentRightNChars=\count273
\c@FancyVerbLineBreakLast=\count274
\FV@LineBox=\box51
\FV@LineIndentBox=\box52
\FV@LineWidth=\dimen149
)
(/usr/share/texmf-dist/tex/generic/xstring/xstring.sty
(/usr/share/texmf-dist/tex/generic/xstring/xstring.tex
\integerpart=\count275
\decimalpart=\count276
)
Package: xstring 2019/02/06 v1.83 String manipulations (CT)
)
(/usr/share/texmf-dist/tex/latex/pgfopts/pgfopts.sty
Package: pgfopts 2014/07/10 v2.1a LaTeX package options with pgfkeys

(/usr/share/texmf-dist/tex/latex/pgf/utilities/pgfkeys.sty
(/usr/share/texmf-dist/tex/generic/pgf/utilities/pgfkeys.code.tex
\pgfkeys@pathtoks=\toks17
\pgfkeys@temptoks=\toks18

(/usr/share/texmf-dist/tex/generic/pgf/utilities/pgfkeysfiltered.code.tex
\pgfkeys@tmptoks=\toks19
)))
\pgfopts@list@add@a@toks=\toks20
\pgfopts@list@add@b@toks=\toks21
)
(/usr/share/texmf-dist/tex/latex/newfloat/newfloat.sty
Package: newfloat 2019/09/02 v1.1l Defining new floating environments (AR)
)
(/usr/share/texmf-dist/tex/latex/currfile/currfile.sty
Package: currfile 2020/09/29 v0.7d Provides the file path elements of the curre
nt input file

(/usr/share/texmf-dist/tex/latex/kvoptions/kvoptions.sty
Package: kvoptions 2020-10-07 v3.14 Key value format for package options (HO)

(/usr/share/texmf-dist/tex/generic/ltxcmds/ltxcmds.sty
Package: ltxcmds 2020-05-10 v1.25 LaTeX kernel commands for general use (HO)
)
(/usr/share/texmf-dist/tex/generic/kvsetkeys/kvsetkeys.sty
Package: kvsetkeys 2019/12/15 v1.18 Key value parser (HO)
))
(/usr/share/texmf-dist/tex/latex/filehook/filehook.sty
Package: filehook 2020/09/29 v0.8a Hooks for input files

(/usr/share/texmf-dist/tex/latex/filehook/filehook-2020.sty
Package: filehook-2020 2020/09/29 v0.8a Hooks for input files
))
\c@currfiledepth=\count277
)
\pytx@codefile=\write4
\openout4 = `del_vs_i_1.pytxcode'.

\c@pytx@FancyVerbLineTemp=\count278
\c@pytx@py@default@default=\count279
\c@pytx@pycon@default@default=\count280
\c@pytx@sympy@default@default=\count281
\c@pytx@sympycon@default@default=\count282
\c@pytx@pylab@default@default=\count283
\c@pytx@pylabcon@default@default=\count284
)
(/usr/share/texmf-dist/tex/latex/xcolor/xcolor.sty
Package: xcolor 2016/05/11 v2.12 LaTeX color extensions (UK)

(/usr/share/texmf-dist/tex/latex/graphics-cfg/color.cfg
File: color.cfg 2016/01/02 v1.6 sample color configuration
)
Package xcolor Info: Driver file: pdftex.def on input line 225.

(/usr/share/texmf-dist/tex/latex/graphics-def/pdftex.def
File: pdftex.def 2020/10/05 v1.2a Graphics/color driver for pdftex
)
Package xcolor Info: Model `cmy' substituted by `cmy0' on input line 1348.
Package xcolor Info: Model `hsb' substituted by `rgb' on input line 1352.
Package xcolor Info: Model `RGB' extended on input line 1364.
Package xcolor Info: Model `HTML' substituted by `rgb' on input line 1366.
Package xcolor Info: Model `Hsb' substituted by `hsb' on input line 1367.
Package xcolor Info: Model `tHsb' substituted by `hsb' on input line 1368.
Package xcolor Info: Model `HSB' substituted by `hsb' on input line 1369.
Package xcolor Info: Model `Gray' substituted by `gray' on input line 1370.
Package xcolor Info: Model `wave' substituted by `hsb' on input line 1371.
)
(/usr/share/texmf-dist/tex/latex/l3backend/l3backend-pdftex.def
File: l3backend-pdftex.def 2021-03-18 L3 backend support: PDF output (pdfTeX)
\l__color_backend_stack_int=\count285
\l__pdf_internal_box=\box53
)
(./del_vs_i_1.aux)
\openout1 = `del_vs_i_1.aux'.

LaTeX Font Info:    Checking defaults for OML/cmm/m/it on input line 3.
LaTeX Font Info:    ... okay on input line 3.
LaTeX Font Info:    Checking defaults for OMS/cmsy/m/n on input line 3.
LaTeX Font Info:    ... okay on input line 3.
LaTeX Font Info:    Checking defaults for OT1/cmr/m/n on input line 3.
LaTeX Font Info:    ... okay on input line 3.
LaTeX Font Info:    Checking defaults for T1/cmr/m/n on input line 3.
LaTeX Font Info:    ... okay on input line 3.
LaTeX Font Info:    Checking defaults for TS1/cmr/m/n on input line 3.
LaTeX Font Info:    ... okay on input line 3.
LaTeX Font Info:    Checking defaults for OMX/cmex/m/n on input line 3.
LaTeX Font Info:    ... okay on input line 3.
LaTeX Font Info:    Checking defaults for U/cmr/m/n on input line 3.
LaTeX Font Info:    ... okay on input line 3.
 (./pythontex-files-del_vs_i_1/del_vs_i_1.pytxmcr)
Package newfloat Info: New float `listing' with options `fileext=lopytx' on inp
ut line 3.
\c@listing=\count286
\newfloat@ftype=\count287
Package newfloat Info: float type `listing'=8 on input line 3.

(/usr/share/texmf-dist/tex/context/base/mkii/supp-pdf.mkii
[Loading MPS to PDF converter (version 2006.09.02).]
\scratchcounter=\count288
\scratchdimen=\dimen150
\scratchbox=\box54
\nofMPsegments=\count289
\nofMParguments=\count290
\everyMPshowfont=\toks22
\MPscratchCnt=\count291
\MPscratchDim=\dimen151
\MPnumerator=\count292
\makeMPintoPDFobject=\count293
\everyMPtoPDFconversion=\toks23
) (./pythontex-files-del_vs_i_1/del_vs_i_1.pytxpyg)
\c@pytx@py@default@default@line=\count294

(./pythontex-files-del_vs_i_1/py_default_default_0.stdout
Overfull \hbox (27.77882pt too wide) in paragraph at lines 5--22
\OT1/cmr/m/n/10 44.05595883 43.677384 43.32187829 42.98717135 42.67134485 42.37
276088 42.09000809
 []


Overfull \hbox (37.77885pt too wide) in paragraph at lines 5--22
\OT1/cmr/m/n/10 41.82186035 41.56724471 41.32521609 41.09493709 40.87566181 40.
66672255 40.46751898
 []


Overfull \hbox (37.77885pt too wide) in paragraph at lines 5--22
\OT1/cmr/m/n/10 40.27750911 40.09620181 39.92315046 39.75794763 39.60022054 39.
44962716 39.30585287
 []


Overfull \hbox (37.77885pt too wide) in paragraph at lines 5--22
\OT1/cmr/m/n/10 39.16860753 39.03762307 38.91265117 38.79346144 38.67983972 38.
57158654 38.46851586
 []


Overfull \hbox (37.77885pt too wide) in paragraph at lines 5--22
\OT1/cmr/m/n/10 38.37045389 38.27723803 38.18871596 38.10474482 38.02519042 37.
94992661 37.87883465
 []


Overfull \hbox (37.77885pt too wide) in paragraph at lines 5--22
\OT1/cmr/m/n/10 37.81180268 37.74872518 37.68950259 37.63404082 37.58225094 37.
53404878 37.48935468
 []


Overfull \hbox (37.77885pt too wide) in paragraph at lines 5--22
\OT1/cmr/m/n/10 37.44809315 37.41019262 37.37558521 37.34420649 37.31599529 37.
29089351 37.26884591
 []


Overfull \hbox (37.77885pt too wide) in paragraph at lines 5--22
\OT1/cmr/m/n/10 37.24979999 37.23370581 37.22051587 37.21018497 37.20267007 37.
19793021 37.19592639
 []


Overfull \hbox (37.77885pt too wide) in paragraph at lines 5--22
\OT1/cmr/m/n/10 37.19662145 37.19998001 37.20596837 37.21455443 37.22570761 37.
23939877 37.25560019
 []


Overfull \hbox (32.77884pt too wide) in paragraph at lines 5--22
\OT1/cmr/m/n/10 37.27428542 37.29542933 37.31900794 37.34499846 37.3733792 37.4
0412951 37.43722976
 []


Overfull \hbox (37.77885pt too wide) in paragraph at lines 5--22
\OT1/cmr/m/n/10 37.47266131 37.51040641 37.55044824 37.59277082 37.63735899 37.
68419839 37.73327541
 []


Overfull \hbox (37.77885pt too wide) in paragraph at lines 5--22
\OT1/cmr/m/n/10 37.78457718 37.83809152 37.89380694 37.95171259 38.01179826 38.
07405433 38.13847176
 []


Overfull \hbox (27.77882pt too wide) in paragraph at lines 5--22
\OT1/cmr/m/n/10 38.20504209 38.27375738 38.34461022 38.4175937 38.4927014 38.56
992735 38.64926607
 []

) [1

{/var/lib/texmf/fonts/map/pdftex/updmap/pdftex.map}] (./del_vs_i_1.aux) ) 
Here is how much of TeX's memory you used:
 5147 strings out of 478994
 92380 string characters out of 5864751
 408733 words of memory out of 5000000
 22607 multiletter control sequences out of 15000+600000
 403430 words of font info for 27 fonts, out of 8000000 for 9000
 1141 hyphenation exceptions out of 8191
 83i,5n,88p,350b,114s stack positions out of 5000i,500n,10000p,200000b,80000s
</usr/
share/texmf-dist/fonts/type1/public/amsfonts/cm/cmr10.pfb>
Output written on del_vs_i_1.pdf (1 page, 18951 bytes).
PDF statistics:
 12 PDF objects out of 1000 (max. 8388607)
 7 compressed objects within 1 object stream
 0 named destinations out of 1000 (max. 500000)
 1 words of extra memory for PDF output out of 10000 (max. 10000000)

