This is pdfTeX, Version 3.141592653-2.6-1.40.22 (TeX Live 2021/Arch Linux) (preloaded format=pdflatex 2021.5.28)  14 JUN 2021 17:38
entering extended mode
 restricted \write18 enabled.
 %&-line parsing enabled.
**exa067.tex
(./exa067.tex
LaTeX2e <2020-10-01> patch level 4
L3 programming layer <2021-02-18>
(/usr/share/texmf-dist/tex/latex/standalone/standalone.cls
Document Class: standalone 2018/03/26 v1.3a Class to compile TeX sub-files stan
dalone
(/usr/share/texmf-dist/tex/latex/tools/shellesc.sty
Package: shellesc 2019/11/08 v1.0c unified shell escape interface for LaTeX
Package shellesc Info: Restricted shell escape enabled on input line 77.
)
(/usr/share/texmf-dist/tex/generic/iftex/ifluatex.sty
Package: ifluatex 2019/10/25 v1.5 ifluatex legacy package. Use iftex instead.

(/usr/share/texmf-dist/tex/generic/iftex/iftex.sty
Package: iftex 2020/03/06 v1.0d TeX engine tests
))
(/usr/share/texmf-dist/tex/latex/xkeyval/xkeyval.sty
Package: xkeyval 2020/11/20 v2.8 package option processing (HA)

(/usr/share/texmf-dist/tex/generic/xkeyval/xkeyval.tex
(/usr/share/texmf-dist/tex/generic/xkeyval/xkvutils.tex
\XKV@toks=\toks15
\XKV@tempa@toks=\toks16

(/usr/share/texmf-dist/tex/generic/xkeyval/keyval.tex))
\XKV@depth=\count179
File: xkeyval.tex 2014/12/03 v2.7a key=value parser (HA)
))
\sa@internal=\count180
\c@sapage=\count181

(/usr/share/texmf-dist/tex/latex/standalone/standalone.cfg
File: standalone.cfg 2018/03/26 v1.3a Default configuration file for 'standalon
e' class
)
(/usr/share/texmf-dist/tex/latex/base/article.cls
Document Class: article 2020/04/10 v1.4m Standard LaTeX document class
(/usr/share/texmf-dist/tex/latex/base/size10.clo
File: size10.clo 2020/04/10 v1.4m Standard LaTeX file (size option)
)
\c@part=\count182
\c@section=\count183
\c@subsection=\count184
\c@subsubsection=\count185
\c@paragraph=\count186
\c@subparagraph=\count187
\c@figure=\count188
\c@table=\count189
\abovecaptionskip=\skip47
\belowcaptionskip=\skip48
\bibindent=\dimen138
)
(/usr/share/texmf-dist/tex/latex/pstricks/pstricks.sty
Package: pstricks 2020/06/11 v0.70 LaTeX wrapper for `PSTricks' (RN,HV)

(/usr/share/texmf-dist/tex/latex/xcolor/xcolor.sty
Package: xcolor 2016/05/11 v2.12 LaTeX color extensions (UK)

(/usr/share/texmf-dist/tex/latex/graphics-cfg/color.cfg
File: color.cfg 2016/01/02 v1.6 sample color configuration
)
Package xcolor Info: Driver file: pdftex.def on input line 225.

(/usr/share/texmf-dist/tex/latex/graphics-def/pdftex.def
File: pdftex.def 2020/10/05 v1.2a Graphics/color driver for pdftex
)
Package xcolor Info: Model `cmy' substituted by `cmy0' on input line 1348.
Package xcolor Info: Model `hsb' substituted by `rgb' on input line 1352.
Package xcolor Info: Model `RGB' extended on input line 1364.
Package xcolor Info: Model `HTML' substituted by `rgb' on input line 1366.
Package xcolor Info: Model `Hsb' substituted by `hsb' on input line 1367.
Package xcolor Info: Model `tHsb' substituted by `hsb' on input line 1368.
Package xcolor Info: Model `HSB' substituted by `hsb' on input line 1369.
Package xcolor Info: Model `Gray' substituted by `gray' on input line 1370.
Package xcolor Info: Model `wave' substituted by `hsb' on input line 1371.
)
(/usr/share/texmf-dist/tex/generic/xkeyval/pst-xkey.tex
File: pst-xkey.tex 2005/11/25 v1.6 PSTricks specialization of xkeyval (HA)
)
(/usr/share/texmf-dist/tex/generic/pstricks/pstricks.tex
(/usr/share/texmf-dist/tex/generic/pstricks/pst-fp.tex
`pst-fp' v0.06, 2020/11/20 (hv)
\pstFP@xs=\count190
\pstFP@xia=\count191
\pstFP@xib=\count192
\pstFP@xfa=\count193
\pstFP@xfb=\count194
\pstFP@rega=\count195
\pstFP@regb=\count196
\pstFP@regs=\count197
\pstFP@times=\count198
)
(/usr/share/texmf-dist/tex/generic/pgf/utilities/pgfutil-common.tex
\pgfutil@everybye=\toks17
\pgfutil@tempdima=\dimen139
\pgfutil@tempdimb=\dimen140

(/usr/share/texmf-dist/tex/generic/pgf/utilities/pgfutil-common-lists.tex))
(/usr/share/texmf-dist/tex/generic/pgf/utilities/pgfkeys.code.tex
\pgfkeys@pathtoks=\toks18
\pgfkeys@temptoks=\toks19

(/usr/share/texmf-dist/tex/generic/pgf/utilities/pgfkeysfiltered.code.tex
\pgfkeys@tmptoks=\toks20
))
(/usr/share/texmf-dist/tex/generic/pgf/utilities/pgffor.code.tex
Loading pgffor.code.tex
(/usr/share/texmf-dist/tex/generic/pgf/math/pgfmath.code.tex
(/usr/share/texmf-dist/tex/generic/pgf/math/pgfmathcalc.code.tex
(/usr/share/texmf-dist/tex/generic/pgf/math/pgfmathutil.code.tex
\pgf@x=\dimen141
\pgf@xa=\dimen142
\pgf@xb=\dimen143
\pgf@xc=\dimen144
\pgf@y=\dimen145
\pgf@ya=\dimen146
\pgf@yb=\dimen147
\pgf@yc=\dimen148
\c@pgf@counta=\count199
\c@pgf@countb=\count266
\c@pgf@countc=\count267
\c@pgf@countd=\count268
\pgfutil@tempcnta=\count269
\pgfutil@tempcntb=\count270
)
(/usr/share/texmf-dist/tex/generic/pgf/math/pgfmathparser.code.tex
\pgfmath@dimen=\dimen149
\pgfmath@count=\count271
\pgfmath@box=\box47
\pgfmath@toks=\toks21
\pgfmath@stack@operand=\toks22
\pgfmath@stack@operation=\toks23
)
(/usr/share/texmf-dist/tex/generic/pgf/math/pgfmathfunctions.code.tex
(/usr/share/texmf-dist/tex/generic/pgf/math/pgfmathfunctions.basic.code.tex)
(/usr/share/texmf-dist/tex/generic/pgf/math/pgfmathfunctions.trigonometric.code
.tex)
(/usr/share/texmf-dist/tex/generic/pgf/math/pgfmathfunctions.random.code.tex)
(/usr/share/texmf-dist/tex/generic/pgf/math/pgfmathfunctions.comparison.code.te
x) (/usr/share/texmf-dist/tex/generic/pgf/math/pgfmathfunctions.base.code.tex)
(/usr/share/texmf-dist/tex/generic/pgf/math/pgfmathfunctions.round.code.tex)
(/usr/share/texmf-dist/tex/generic/pgf/math/pgfmathfunctions.misc.code.tex)
(/usr/share/texmf-dist/tex/generic/pgf/math/pgfmathfunctions.integerarithmetics
.code.tex))) (/usr/share/texmf-dist/tex/generic/pgf/math/pgfmathfloat.code.tex
\c@pgfmathroundto@lastzeros=\count272
))
\pgffor@iter=\dimen150
\pgffor@skip=\dimen151
\pgffor@stack=\toks24
\pgffor@toks=\toks25
)
\psLoopIndex=\count273

`PSTricks' v3.01a  <2021/03/30> (tvz,hv)
\pst@dima=\dimen152
\pst@dimb=\dimen153
\pst@dimc=\dimen154
\pst@dimd=\dimen155
\pst@dimg=\dimen156
\pst@dimh=\dimen157
\pst@dimm=\dimen158
\pst@dimn=\dimen159
\pst@dimo=\dimen160
\pst@dimp=\dimen161
\pst@hbox=\box48
\pst@ibox=\box49
\pst@boxg=\box50
\pst@cnta=\count274
\pst@cntb=\count275
\pst@cntc=\count276
\pst@cntd=\count277
\pst@cntg=\count278
\pst@cnth=\count279
\pst@cntm=\count280
\pst@cntn=\count281
\pst@cnto=\count282
\pst@cntp=\count283
\@zero=\count284
\pst@toks=\toks26
(/usr/share/texmf-dist/tex/generic/pstricks/pstricks.con)
\psunit=\dimen162
\psxunit=\dimen163
\psyunit=\dimen164
\pst@C@@rType=\count285
\pslinewidth=\dimen165
\psk@startLW=\dimen166
\psk@endLW=\dimen167
\pst@customdefs=\toks27
\pslinearc=\dimen168
\pst@symbolStep=\dimen169
\pst@symbolWidth=\dimen170
\pst@symbolLinewidth=\dimen171
\everypsbox=\toks28
\psframesep=\dimen172
\pslabelsep=\dimen173
\sh@wgridXunit=\dimen174
\sh@wgridYunit=\dimen175
\pst@shift=\dimen176
)
File: pstricks.tex 2021/03/30 v3.01a `PSTricks' (tvz,hv)

(/usr/share/texmf-dist/tex/generic/pstricks/pst-fp.tex
`pst-fp' v0.06, 2020/11/20 (hv))
File: pst-fp.tex 2020/11/20 v0.06 `PST-fp' (hv)
)
\sa@box=\box51
)
(/usr/share/texmf-dist/tex/latex/pst-solides3d/pst-solides3d.sty
Package: pst-solides3d 2017/03/03 package wrapper for pst-solides3d

(/usr/share/texmf-dist/tex/generic/pst-solides3d/pst-solides3d.tex
(/usr/share/texmf-dist/tex/generic/pst-node/pst-node.tex  v1.42a, 2020/04/01
\psrow=\count286
\pscol=\count287
\psmatrixcnt=\count288
\psrowsep=\skip49
\pscolsep=\skip50
\pst@args=\count289
\num@pts=\count290
\pst@argcnt=\count291
)
(/usr/share/texmf-dist/tex/generic/multido/multido.tex
 v1.42, 2010/05/14 <tvz>
\multido@count=\count292
\multidocount=\count293
\multido@stuff=\toks29
) `PSTSOLIDESIIID' v4.34a, 2018/12/27
\test@mode=\count294
)
File: pst-solides3d.tex 2018/12/27 v4.34a `PST-solides3D'
)
(/usr/share/texmf-dist/tex/latex/l3backend/l3backend-pdftex.def
File: l3backend-pdftex.def 2021-03-18 L3 backend support: PDF output (pdfTeX)
\l__color_backend_stack_int=\count295
\l__pdf_internal_box=\box52
)
No file exa067.aux.
\openout1 = `exa067.aux'.

LaTeX Font Info:    Checking defaults for OML/cmm/m/it on input line 4.
LaTeX Font Info:    ... okay on input line 4.
LaTeX Font Info:    Checking defaults for OMS/cmsy/m/n on input line 4.
LaTeX Font Info:    ... okay on input line 4.
LaTeX Font Info:    Checking defaults for OT1/cmr/m/n on input line 4.
LaTeX Font Info:    ... okay on input line 4.
LaTeX Font Info:    Checking defaults for T1/cmr/m/n on input line 4.
LaTeX Font Info:    ... okay on input line 4.
LaTeX Font Info:    Checking defaults for TS1/cmr/m/n on input line 4.
LaTeX Font Info:    ... okay on input line 4.
LaTeX Font Info:    Checking defaults for OMX/cmex/m/n on input line 4.
LaTeX Font Info:    ... okay on input line 4.
LaTeX Font Info:    Checking defaults for U/cmr/m/n on input line 4.
LaTeX Font Info:    ... okay on input line 4.
(/usr/share/texmf-dist/tex/context/base/mkii/supp-pdf.mkii
[Loading MPS to PDF converter (version 2006.09.02).]
\scratchcounter=\count296
\scratchdimen=\dimen177
\scratchbox=\box53
\nofMPsegments=\count297
\nofMParguments=\count298
\everyMPshowfont=\toks30
\MPscratchCnt=\count299
\MPscratchDim=\dimen178
\MPnumerator=\count300
\makeMPintoPDFobject=\count301
\everyMPtoPDFconversion=\toks31
)
! Undefined control sequence.
\c@lor@to@ps ->\PSTricks 
                         _Not_Configured_For_This_Format
l.9 \psSolid
            [object=plan,definition=equation,args={[-1 0 1 0]},base=-1 2 -2 2,
? 
! Undefined control sequence.
\XC@usec@lor ...string \color@ #1#2\endcsname \@@ 
                                                  \fi \space 
l.9 \psSolid
            [object=plan,definition=equation,args={[-1 0 1 0]},base=-1 2 -2 2,
? 
! Undefined control sequence.
\c@lor@to@ps ->\PSTricks 
                         _Not_Configured_For_This_Format
l.9 \psSolid
            [object=plan,definition=equation,args={[-1 0 1 0]},base=-1 2 -2 2,
? 
! Undefined control sequence.
\XC@usec@lor ...string \color@ #1#2\endcsname \@@ 
                                                  \fi \space 
l.9 \psSolid
            [object=plan,definition=equation,args={[-1 0 1 0]},base=-1 2 -2 2,
? 
! Undefined control sequence.
\c@lor@to@ps ->\PSTricks 
                         _Not_Configured_For_This_Format
l.9 \psSolid
            [object=plan,definition=equation,args={[-1 0 1 0]},base=-1 2 -2 2,
? 
! Undefined control sequence.
\XC@usec@lor ...\expandafter \c@lor@to@ps #1#2\@@ 
                                                  \else \expandafter \expand...
l.9 \psSolid
            [object=plan,definition=equation,args={[-1 0 1 0]},base=-1 2 -2 2,
? 
! Undefined control sequence.
\c@lor@to@ps ->\PSTricks 
                         _Not_Configured_For_This_Format
l.9 \psSolid
            [object=plan,definition=equation,args={[-1 0 1 0]},base=-1 2 -2 2,
? 
! Undefined control sequence.
\XC@usec@lor ...\expandafter \c@lor@to@ps #1#2\@@ 
                                                  \else \expandafter \expand...
l.9 \psSolid
            [object=plan,definition=equation,args={[-1 0 1 0]},base=-1 2 -2 2,
? 
! Undefined control sequence.
\c@lor@to@ps ->\PSTricks 
                         _Not_Configured_For_This_Format
l.9 \psSolid
            [object=plan,definition=equation,args={[-1 0 1 0]},base=-1 2 -2 2,
? 
! Undefined control sequence.
\XC@usec@lor ...\expandafter \c@lor@to@ps #1#2\@@ 
                                                  \else \expandafter \expand...
l.9 \psSolid
            [object=plan,definition=equation,args={[-1 0 1 0]},base=-1 2 -2 2,
? 
! Undefined control sequence.
\c@lor@to@ps ->\PSTricks 
                         _Not_Configured_For_This_Format
l.9 \psSolid
            [object=plan,definition=equation,args={[-1 0 1 0]},base=-1 2 -2 2,
? 
! Undefined control sequence.
\XC@usec@lor ...\expandafter \c@lor@to@ps #1#2\@@ 
                                                  \else \expandafter \expand...
l.9 \psSolid
            [object=plan,definition=equation,args={[-1 0 1 0]},base=-1 2 -2 2,
? 
! Undefined control sequence.
\c@lor@to@ps ->\PSTricks 
                         _Not_Configured_For_This_Format
l.9 \psSolid
            [object=plan,definition=equation,args={[-1 0 1 0]},base=-1 2 -2 2,
? 
! Undefined control sequence.
\XC@usec@lor ...\expandafter \c@lor@to@ps #1#2\@@ 
                                                  \else \expandafter \expand...
l.9 \psSolid
            [object=plan,definition=equation,args={[-1 0 1 0]},base=-1 2 -2 2,
? 
! Undefined control sequence.
\c@lor@to@ps ->\PSTricks 
                         _Not_Configured_For_This_Format
l.9 \psSolid
            [object=plan,definition=equation,args={[-1 0 1 0]},base=-1 2 -2 2,
? 
! Undefined control sequence.
\XC@usec@lor ...string \color@ #1#2\endcsname \@@ 
                                                  \fi \space 
l.9 \psSolid
            [object=plan,definition=equation,args={[-1 0 1 0]},base=-1 2 -2 2,
? 
! Undefined control sequence.
\c@lor@to@ps ->\PSTricks 
                         _Not_Configured_For_This_Format
l.9 \psSolid
            [object=plan,definition=equation,args={[-1 0 1 0]},base=-1 2 -2 2,
? 
! Undefined control sequence.
\XC@usec@lor ...string \color@ #1#2\endcsname \@@ 
                                                  \fi \space 
l.9 \psSolid
            [object=plan,definition=equation,args={[-1 0 1 0]},base=-1 2 -2 2,
? 
! Undefined control sequence.
\c@lor@to@ps ->\PSTricks 
                         _Not_Configured_For_This_Format
l.9 \psSolid
            [object=plan,definition=equation,args={[-1 0 1 0]},base=-1 2 -2 2,
? 
! Undefined control sequence.
\XC@usec@lor ...\expandafter \c@lor@to@ps #1#2\@@ 
                                                  \else \expandafter \expand...
l.9 \psSolid
            [object=plan,definition=equation,args={[-1 0 1 0]},base=-1 2 -2 2,
? 
! Undefined control sequence.
\c@lor@to@ps ->\PSTricks 
                         _Not_Configured_For_This_Format
l.9 \psSolid
            [object=plan,definition=equation,args={[-1 0 1 0]},base=-1 2 -2 2,
? 
! Undefined control sequence.
\XC@usec@lor ...\expandafter \c@lor@to@ps #1#2\@@ 
                                                  \else \expandafter \expand...
l.9 \psSolid
            [object=plan,definition=equation,args={[-1 0 1 0]},base=-1 2 -2 2,
? 
! Undefined control sequence.
\c@lor@to@ps ->\PSTricks 
                         _Not_Configured_For_This_Format
l.9 \psSolid
            [object=plan,definition=equation,args={[-1 0 1 0]},base=-1 2 -2 2,
? 
! Undefined control sequence.
\XC@usec@lor ...\expandafter \c@lor@to@ps #1#2\@@ 
                                                  \else \expandafter \expand...
l.9 \psSolid
            [object=plan,definition=equation,args={[-1 0 1 0]},base=-1 2 -2 2,
? 
! Undefined control sequence.
\c@lor@to@ps ->\PSTricks 
                         _Not_Configured_For_This_Format
l.9 \psSolid
            [object=plan,definition=equation,args={[-1 0 1 0]},base=-1 2 -2 2,
? 
! Undefined control sequence.
\XC@usec@lor ...\expandafter \c@lor@to@ps #1#2\@@ 
                                                  \else \expandafter \expand...
l.9 \psSolid
            [object=plan,definition=equation,args={[-1 0 1 0]},base=-1 2 -2 2,
? 
! Undefined control sequence.
\c@lor@to@ps ->\PSTricks 
                         _Not_Configured_For_This_Format
l.9 \psSolid
            [object=plan,definition=equation,args={[-1 0 1 0]},base=-1 2 -2 2,
? 
! Undefined control sequence.
\XC@usec@lor ...\expandafter \c@lor@to@ps #1#2\@@ 
                                                  \else \expandafter \expand...
l.9 \psSolid
            [object=plan,definition=equation,args={[-1 0 1 0]},base=-1 2 -2 2,
? 
! Undefined control sequence.
\c@lor@to@ps ->\PSTricks 
                         _Not_Configured_For_This_Format
l.9 \psSolid
            [object=plan,definition=equation,args={[-1 0 1 0]},base=-1 2 -2 2,
? 
! Undefined control sequence.
\XC@usec@lor ...string \color@ #1#2\endcsname \@@ 
                                                  \fi \space 
l.9 \psSolid
            [object=plan,definition=equation,args={[-1 0 1 0]},base=-1 2 -2 2,
? 
! Undefined control sequence.
\c@lor@to@ps ->\PSTricks 
                         _Not_Configured_For_This_Format
l.9 \psSolid
            [object=plan,definition=equation,args={[-1 0 1 0]},base=-1 2 -2 2,
? 
! Undefined control sequence.
\XC@usec@lor ...string \color@ #1#2\endcsname \@@ 
                                                  \fi \space 
l.9 \psSolid
            [object=plan,definition=equation,args={[-1 0 1 0]},base=-1 2 -2 2,
? 
! Undefined control sequence.
\c@lor@to@ps ->\PSTricks 
                         _Not_Configured_For_This_Format
l.9 \psSolid
            [object=plan,definition=equation,args={[-1 0 1 0]},base=-1 2 -2 2,
? 
! Undefined control sequence.
\XC@usec@lor ...\expandafter \c@lor@to@ps #1#2\@@ 
                                                  \else \expandafter \expand...
l.9 \psSolid
            [object=plan,definition=equation,args={[-1 0 1 0]},base=-1 2 -2 2,
? 
! Undefined control sequence.
\c@lor@to@ps ->\PSTricks 
                         _Not_Configured_For_This_Format
l.9 \psSolid
            [object=plan,definition=equation,args={[-1 0 1 0]},base=-1 2 -2 2,
? 
! Undefined control sequence.
\XC@usec@lor ...\expandafter \c@lor@to@ps #1#2\@@ 
                                                  \else \expandafter \expand...
l.9 \psSolid
            [object=plan,definition=equation,args={[-1 0 1 0]},base=-1 2 -2 2,
? 
! Undefined control sequence.
\c@lor@to@ps ->\PSTricks 
                         _Not_Configured_For_This_Format
l.9 \psSolid
            [object=plan,definition=equation,args={[-1 0 1 0]},base=-1 2 -2 2,
? 
! Undefined control sequence.
\XC@usec@lor ...\expandafter \c@lor@to@ps #1#2\@@ 
                                                  \else \expandafter \expand...
l.9 \psSolid
            [object=plan,definition=equation,args={[-1 0 1 0]},base=-1 2 -2 2,
? 
! Undefined control sequence.
\c@lor@to@ps ->\PSTricks 
                         _Not_Configured_For_This_Format
l.9 \psSolid
            [object=plan,definition=equation,args={[-1 0 1 0]},base=-1 2 -2 2,
? 
! Undefined control sequence.
\XC@usec@lor ...\expandafter \c@lor@to@ps #1#2\@@ 
                                                  \else \expandafter \expand...
l.9 \psSolid
            [object=plan,definition=equation,args={[-1 0 1 0]},base=-1 2 -2 2,
? 
! Undefined control sequence.
\c@lor@to@ps ->\PSTricks 
                         _Not_Configured_For_This_Format
l.9 \psSolid
            [object=plan,definition=equation,args={[-1 0 1 0]},base=-1 2 -2 2,
? 
! Undefined control sequence.
\XC@usec@lor ...\expandafter \c@lor@to@ps #1#2\@@ 
                                                  \else \expandafter \expand...
l.9 \psSolid
            [object=plan,definition=equation,args={[-1 0 1 0]},base=-1 2 -2 2,
? 
! Undefined control sequence.
\c@lor@to@ps ->\PSTricks 
                         _Not_Configured_For_This_Format
l.9 \psSolid
            [object=plan,definition=equation,args={[-1 0 1 0]},base=-1 2 -2 2,
? 
! Undefined control sequence.
\XC@usec@lor ...string \color@ #1#2\endcsname \@@ 
                                                  \fi \space 
l.9 \psSolid
            [object=plan,definition=equation,args={[-1 0 1 0]},base=-1 2 -2 2,
? 
! Undefined control sequence.
\c@lor@to@ps ->\PSTricks 
                         _Not_Configured_For_This_Format
l.9 \psSolid
            [object=plan,definition=equation,args={[-1 0 1 0]},base=-1 2 -2 2,
? 
! Undefined control sequence.
\XC@usec@lor ...string \color@ #1#2\endcsname \@@ 
                                                  \fi \space 
l.9 \psSolid
            [object=plan,definition=equation,args={[-1 0 1 0]},base=-1 2 -2 2,
? 
! Undefined control sequence.
\c@lor@to@ps ->\PSTricks 
                         _Not_Configured_For_This_Format
l.9 \psSolid
            [object=plan,definition=equation,args={[-1 0 1 0]},base=-1 2 -2 2,
? 
! Undefined control sequence.
\XC@usec@lor ...\expandafter \c@lor@to@ps #1#2\@@ 
                                                  \else \expandafter \expand...
l.9 \psSolid
            [object=plan,definition=equation,args={[-1 0 1 0]},base=-1 2 -2 2,
? 
! Undefined control sequence.
\c@lor@to@ps ->\PSTricks 
                         _Not_Configured_For_This_Format
l.9 \psSolid
            [object=plan,definition=equation,args={[-1 0 1 0]},base=-1 2 -2 2,
? 
! Undefined control sequence.
\XC@usec@lor ...\expandafter \c@lor@to@ps #1#2\@@ 
                                                  \else \expandafter \expand...
l.9 \psSolid
            [object=plan,definition=equation,args={[-1 0 1 0]},base=-1 2 -2 2,
? 
! Undefined control sequence.
\c@lor@to@ps ->\PSTricks 
                         _Not_Configured_For_This_Format
l.9 \psSolid
            [object=plan,definition=equation,args={[-1 0 1 0]},base=-1 2 -2 2,
? 
! Undefined control sequence.
\XC@usec@lor ...\expandafter \c@lor@to@ps #1#2\@@ 
                                                  \else \expandafter \expand...
l.9 \psSolid
            [object=plan,definition=equation,args={[-1 0 1 0]},base=-1 2 -2 2,
? 
! Undefined control sequence.
\c@lor@to@ps ->\PSTricks 
                         _Not_Configured_For_This_Format
l.9 \psSolid
            [object=plan,definition=equation,args={[-1 0 1 0]},base=-1 2 -2 2,
? 
! Undefined control sequence.
\XC@usec@lor ...\expandafter \c@lor@to@ps #1#2\@@ 
                                                  \else \expandafter \expand...
l.9 \psSolid
            [object=plan,definition=equation,args={[-1 0 1 0]},base=-1 2 -2 2,
? 
! Undefined control sequence.
\c@lor@to@ps ->\PSTricks 
                         _Not_Configured_For_This_Format
l.9 \psSolid
            [object=plan,definition=equation,args={[-1 0 1 0]},base=-1 2 -2 2,
? 
! Undefined control sequence.
\XC@usec@lor ...\expandafter \c@lor@to@ps #1#2\@@ 
                                                  \else \expandafter \expand...
l.9 \psSolid
            [object=plan,definition=equation,args={[-1 0 1 0]},base=-1 2 -2 2,
? 
! Undefined control sequence.
\c@lor@to@ps ->\PSTricks 
                         _Not_Configured_For_This_Format
l.9 \psSolid
            [object=plan,definition=equation,args={[-1 0 1 0]},base=-1 2 -2 2,
? 
! Undefined control sequence.
\XC@usec@lor ...string \color@ #1#2\endcsname \@@ 
                                                  \fi \space 
l.9 \psSolid
            [object=plan,definition=equation,args={[-1 0 1 0]},base=-1 2 -2 2,
? 
! Undefined control sequence.
\c@lor@to@ps ->\PSTricks 
                         _Not_Configured_For_This_Format
l.9 \psSolid
            [object=plan,definition=equation,args={[-1 0 1 0]},base=-1 2 -2 2,
? 
! Undefined control sequence.
\XC@usec@lor ...string \color@ #1#2\endcsname \@@ 
                                                  \fi \space 
l.9 \psSolid
            [object=plan,definition=equation,args={[-1 0 1 0]},base=-1 2 -2 2,
? 
! Undefined control sequence.
\c@lor@to@ps ->\PSTricks 
                         _Not_Configured_For_This_Format
l.9 \psSolid
            [object=plan,definition=equation,args={[-1 0 1 0]},base=-1 2 -2 2,
? 
! Undefined control sequence.
\XC@usec@lor ...\expandafter \c@lor@to@ps #1#2\@@ 
                                                  \else \expandafter \expand...
l.9 \psSolid
            [object=plan,definition=equation,args={[-1 0 1 0]},base=-1 2 -2 2,
? 
! Undefined control sequence.
\c@lor@to@ps ->\PSTricks 
                         _Not_Configured_For_This_Format
l.9 \psSolid
            [object=plan,definition=equation,args={[-1 0 1 0]},base=-1 2 -2 2,
? 
! Undefined control sequence.
\XC@usec@lor ...\expandafter \c@lor@to@ps #1#2\@@ 
                                                  \else \expandafter \expand...
l.9 \psSolid
            [object=plan,definition=equation,args={[-1 0 1 0]},base=-1 2 -2 2,
? 
! Undefined control sequence.
\c@lor@to@ps ->\PSTricks 
                         _Not_Configured_For_This_Format
l.9 \psSolid
            [object=plan,definition=equation,args={[-1 0 1 0]},base=-1 2 -2 2,
? 
! Undefined control sequence.
\XC@usec@lor ...\expandafter \c@lor@to@ps #1#2\@@ 
                                                  \else \expandafter \expand...
l.9 \psSolid
            [object=plan,definition=equation,args={[-1 0 1 0]},base=-1 2 -2 2,
? 
! Undefined control sequence.
\c@lor@to@ps ->\PSTricks 
                         _Not_Configured_For_This_Format
l.9 \psSolid
            [object=plan,definition=equation,args={[-1 0 1 0]},base=-1 2 -2 2,
? 
! Undefined control sequence.
\XC@usec@lor ...\expandafter \c@lor@to@ps #1#2\@@ 
                                                  \else \expandafter \expand...
l.9 \psSolid
            [object=plan,definition=equation,args={[-1 0 1 0]},base=-1 2 -2 2,
? 
! Undefined control sequence.
\c@lor@to@ps ->\PSTricks 
                         _Not_Configured_For_This_Format
l.9 \psSolid
            [object=plan,definition=equation,args={[-1 0 1 0]},base=-1 2 -2 2,
? 
! Undefined control sequence.
\XC@usec@lor ...\expandafter \c@lor@to@ps #1#2\@@ 
                                                  \else \expandafter \expand...
l.9 \psSolid
            [object=plan,definition=equation,args={[-1 0 1 0]},base=-1 2 -2 2,
? 
! Undefined control sequence.
\c@lor@to@ps ->\PSTricks 
                         _Not_Configured_For_This_Format
l.9 \psSolid
            [object=plan,definition=equation,args={[-1 0 1 0]},base=-1 2 -2 2,
? 
! Undefined control sequence.
\XC@usec@lor ...string \color@ #1#2\endcsname \@@ 
                                                  \fi \space 
l.9 \psSolid
            [object=plan,definition=equation,args={[-1 0 1 0]},base=-1 2 -2 2,
? 
! Undefined control sequence.
\c@lor@to@ps ->\PSTricks 
                         _Not_Configured_For_This_Format
l.9 \psSolid
            [object=plan,definition=equation,args={[-1 0 1 0]},base=-1 2 -2 2,
? 
! Undefined control sequence.
\XC@usec@lor ...string \color@ #1#2\endcsname \@@ 
                                                  \fi \space 
l.9 \psSolid
            [object=plan,definition=equation,args={[-1 0 1 0]},base=-1 2 -2 2,
? 
! Undefined control sequence.
\c@lor@to@ps ->\PSTricks 
                         _Not_Configured_For_This_Format
l.9 \psSolid
            [object=plan,definition=equation,args={[-1 0 1 0]},base=-1 2 -2 2,
? 
! Undefined control sequence.
\XC@usec@lor ...\expandafter \c@lor@to@ps #1#2\@@ 
                                                  \else \expandafter \expand...
l.9 \psSolid
            [object=plan,definition=equation,args={[-1 0 1 0]},base=-1 2 -2 2,
? 
! Undefined control sequence.
\c@lor@to@ps ->\PSTricks 
                         _Not_Configured_For_This_Format
l.9 \psSolid
            [object=plan,definition=equation,args={[-1 0 1 0]},base=-1 2 -2 2,
? 
! Undefined control sequence.
\XC@usec@lor ...\expandafter \c@lor@to@ps #1#2\@@ 
                                                  \else \expandafter \expand...
l.9 \psSolid
            [object=plan,definition=equation,args={[-1 0 1 0]},base=-1 2 -2 2,
? 
! Undefined control sequence.
\c@lor@to@ps ->\PSTricks 
                         _Not_Configured_For_This_Format
l.9 \psSolid
            [object=plan,definition=equation,args={[-1 0 1 0]},base=-1 2 -2 2,
? 
! Undefined control sequence.
\XC@usec@lor ...\expandafter \c@lor@to@ps #1#2\@@ 
                                                  \else \expandafter \expand...
l.9 \psSolid
            [object=plan,definition=equation,args={[-1 0 1 0]},base=-1 2 -2 2,
? 
! Undefined control sequence.
\c@lor@to@ps ->\PSTricks 
                         _Not_Configured_For_This_Format
l.9 \psSolid
            [object=plan,definition=equation,args={[-1 0 1 0]},base=-1 2 -2 2,
? 
! Undefined control sequence.
\XC@usec@lor ...\expandafter \c@lor@to@ps #1#2\@@ 
                                                  \else \expandafter \expand...
l.9 \psSolid
            [object=plan,definition=equation,args={[-1 0 1 0]},base=-1 2 -2 2,
? 
! Undefined control sequence.
\c@lor@to@ps ->\PSTricks 
                         _Not_Configured_For_This_Format
l.9 \psSolid
            [object=plan,definition=equation,args={[-1 0 1 0]},base=-1 2 -2 2,
? 
! Undefined control sequence.
\XC@usec@lor ...\expandafter \c@lor@to@ps #1#2\@@ 
                                                  \else \expandafter \expand...
l.9 \psSolid
            [object=plan,definition=equation,args={[-1 0 1 0]},base=-1 2 -2 2,
? 
! Undefined control sequence.
\c@lor@to@ps ->\PSTricks 
                         _Not_Configured_For_This_Format
l.9 \psSolid
            [object=plan,definition=equation,args={[-1 0 1 0]},base=-1 2 -2 2,
? 
! Undefined control sequence.
\XC@usec@lor ...string \color@ #1#2\endcsname \@@ 
                                                  \fi \space 
l.9 \psSolid
            [object=plan,definition=equation,args={[-1 0 1 0]},base=-1 2 -2 2,
? 
! Undefined control sequence.
\c@lor@to@ps ->\PSTricks 
                         _Not_Configured_For_This_Format
l.9 \psSolid
            [object=plan,definition=equation,args={[-1 0 1 0]},base=-1 2 -2 2,
? 
! Undefined control sequence.
\XC@usec@lor ...string \color@ #1#2\endcsname \@@ 
                                                  \fi \space 
l.9 \psSolid
            [object=plan,definition=equation,args={[-1 0 1 0]},base=-1 2 -2 2,
? 
! Undefined control sequence.
\c@lor@to@ps ->\PSTricks 
                         _Not_Configured_For_This_Format
l.9 \psSolid
            [object=plan,definition=equation,args={[-1 0 1 0]},base=-1 2 -2 2,
? 
! Undefined control sequence.
\XC@usec@lor ...\expandafter \c@lor@to@ps #1#2\@@ 
                                                  \else \expandafter \expand...
l.9 \psSolid
            [object=plan,definition=equation,args={[-1 0 1 0]},base=-1 2 -2 2,
? 
! Undefined control sequence.
\c@lor@to@ps ->\PSTricks 
                         _Not_Configured_For_This_Format
l.9 \psSolid
            [object=plan,definition=equation,args={[-1 0 1 0]},base=-1 2 -2 2,
? 
! Undefined control sequence.
\XC@usec@lor ...\expandafter \c@lor@to@ps #1#2\@@ 
                                                  \else \expandafter \expand...
l.9 \psSolid
            [object=plan,definition=equation,args={[-1 0 1 0]},base=-1 2 -2 2,
? 
! Undefined control sequence.
\c@lor@to@ps ->\PSTricks 
                         _Not_Configured_For_This_Format
l.9 \psSolid
            [object=plan,definition=equation,args={[-1 0 1 0]},base=-1 2 -2 2,
? 
! Undefined control sequence.
\XC@usec@lor ...\expandafter \c@lor@to@ps #1#2\@@ 
                                                  \else \expandafter \expand...
l.9 \psSolid
            [object=plan,definition=equation,args={[-1 0 1 0]},base=-1 2 -2 2,
? 
! Undefined control sequence.
\c@lor@to@ps ->\PSTricks 
                         _Not_Configured_For_This_Format
l.9 \psSolid
            [object=plan,definition=equation,args={[-1 0 1 0]},base=-1 2 -2 2,
? 
! Undefined control sequence.
\XC@usec@lor ...\expandafter \c@lor@to@ps #1#2\@@ 
                                                  \else \expandafter \expand...
l.9 \psSolid
            [object=plan,definition=equation,args={[-1 0 1 0]},base=-1 2 -2 2,
? 
! Undefined control sequence.
\c@lor@to@ps ->\PSTricks 
                         _Not_Configured_For_This_Format
l.9 \psSolid
            [object=plan,definition=equation,args={[-1 0 1 0]},base=-1 2 -2 2,
? 
! Undefined control sequence.
\XC@usec@lor ...\expandafter \c@lor@to@ps #1#2\@@ 
                                                  \else \expandafter \expand...
l.9 \psSolid
            [object=plan,definition=equation,args={[-1 0 1 0]},base=-1 2 -2 2,
? 
! Undefined control sequence.
\c@lor@to@ps ->\PSTricks 
                         _Not_Configured_For_This_Format
l.9 \psSolid
            [object=plan,definition=equation,args={[-1 0 1 0]},base=-1 2 -2 2,
? 
! Undefined control sequence.
\XC@usec@lor ...string \color@ #1#2\endcsname \@@ 
                                                  \fi \space 
l.9 \psSolid
            [object=plan,definition=equation,args={[-1 0 1 0]},base=-1 2 -2 2,
? 
! Undefined control sequence.
\c@lor@to@ps ->\PSTricks 
                         _Not_Configured_For_This_Format
l.9 \psSolid
            [object=plan,definition=equation,args={[-1 0 1 0]},base=-1 2 -2 2,
? 
! Undefined control sequence.
\XC@usec@lor ...string \color@ #1#2\endcsname \@@ 
                                                  \fi \space 
l.9 \psSolid
            [object=plan,definition=equation,args={[-1 0 1 0]},base=-1 2 -2 2,
? 
! Undefined control sequence.
\c@lor@to@ps ->\PSTricks 
                         _Not_Configured_For_This_Format
l.9 \psSolid
            [object=plan,definition=equation,args={[-1 0 1 0]},base=-1 2 -2 2,
? 
! Undefined control sequence.
\XC@usec@lor ...\expandafter \c@lor@to@ps #1#2\@@ 
                                                  \else \expandafter \expand...
l.9 \psSolid
            [object=plan,definition=equation,args={[-1 0 1 0]},base=-1 2 -2 2,
? 
! Undefined control sequence.
\c@lor@to@ps ->\PSTricks 
                         _Not_Configured_For_This_Format
l.9 \psSolid
            [object=plan,definition=equation,args={[-1 0 1 0]},base=-1 2 -2 2,
? 
! Undefined control sequence.
\XC@usec@lor ...\expandafter \c@lor@to@ps #1#2\@@ 
                                                  \else \expandafter \expand...
l.9 \psSolid
            [object=plan,definition=equation,args={[-1 0 1 0]},base=-1 2 -2 2,
? 
! Undefined control sequence.
\c@lor@to@ps ->\PSTricks 
                         _Not_Configured_For_This_Format
l.9 \psSolid
            [object=plan,definition=equation,args={[-1 0 1 0]},base=-1 2 -2 2,
? 
! Undefined control sequence.
\XC@usec@lor ...\expandafter \c@lor@to@ps #1#2\@@ 
                                                  \else \expandafter \expand...
l.9 \psSolid
            [object=plan,definition=equation,args={[-1 0 1 0]},base=-1 2 -2 2,
? 
! Undefined control sequence.
\c@lor@to@ps ->\PSTricks 
                         _Not_Configured_For_This_Format
l.9 \psSolid
            [object=plan,definition=equation,args={[-1 0 1 0]},base=-1 2 -2 2,
? 
! Undefined control sequence.
\XC@usec@lor ...\expandafter \c@lor@to@ps #1#2\@@ 
                                                  \else \expandafter \expand...
l.9 \psSolid
            [object=plan,definition=equation,args={[-1 0 1 0]},base=-1 2 -2 2,
? 
! Undefined control sequence.
\c@lor@to@ps ->\PSTricks 
                         _Not_Configured_For_This_Format
l.9 \psSolid
            [object=plan,definition=equation,args={[-1 0 1 0]},base=-1 2 -2 2,
? 
! Undefined control sequence.
\XC@usec@lor ...\expandafter \c@lor@to@ps #1#2\@@ 
                                                  \else \expandafter \expand...
l.9 \psSolid
            [object=plan,definition=equation,args={[-1 0 1 0]},base=-1 2 -2 2,
? 
! Undefined control sequence.
\c@lor@to@ps ->\PSTricks 
                         _Not_Configured_For_This_Format
l.9 \psSolid
            [object=plan,definition=equation,args={[-1 0 1 0]},base=-1 2 -2 2,
? 
! Undefined control sequence.
\XC@usec@lor ...string \color@ #1#2\endcsname \@@ 
                                                  \fi \space 
l.9 \psSolid
            [object=plan,definition=equation,args={[-1 0 1 0]},base=-1 2 -2 2,
? 
! Undefined control sequence.
\c@lor@to@ps ->\PSTricks 
                         _Not_Configured_For_This_Format
l.9 \psSolid
            [object=plan,definition=equation,args={[-1 0 1 0]},base=-1 2 -2 2,
? 
! Undefined control sequence.
\XC@usec@lor ...string \color@ #1#2\endcsname \@@ 
                                                  \fi \space 
l.9 \psSolid
            [object=plan,definition=equation,args={[-1 0 1 0]},base=-1 2 -2 2,
? 
! Undefined control sequence.
\c@lor@to@ps ->\PSTricks 
                         _Not_Configured_For_This_Format
l.9 \psSolid
            [object=plan,definition=equation,args={[-1 0 1 0]},base=-1 2 -2 2,
? 
! Undefined control sequence.
\XC@usec@lor ...\expandafter \c@lor@to@ps #1#2\@@ 
                                                  \else \expandafter \expand...
l.9 \psSolid
            [object=plan,definition=equation,args={[-1 0 1 0]},base=-1 2 -2 2,
? 
! Undefined control sequence.
\c@lor@to@ps ->\PSTricks 
                         _Not_Configured_For_This_Format
l.9 \psSolid
            [object=plan,definition=equation,args={[-1 0 1 0]},base=-1 2 -2 2,
? 
! Undefined control sequence.
\XC@usec@lor ...\expandafter \c@lor@to@ps #1#2\@@ 
                                                  \else \expandafter \expand...
l.9 \psSolid
            [object=plan,definition=equation,args={[-1 0 1 0]},base=-1 2 -2 2,
? 
! Undefined control sequence.
\c@lor@to@ps ->\PSTricks 
                         _Not_Configured_For_This_Format
l.9 \psSolid
            [object=plan,definition=equation,args={[-1 0 1 0]},base=-1 2 -2 2,
? 
! Undefined control sequence.
\XC@usec@lor ...\expandafter \c@lor@to@ps #1#2\@@ 
                                                  \else \expandafter \expand...
l.9 \psSolid
            [object=plan,definition=equation,args={[-1 0 1 0]},base=-1 2 -2 2,
? 
! Undefined control sequence.
\c@lor@to@ps ->\PSTricks 
                         _Not_Configured_For_This_Format
l.9 \psSolid
            [object=plan,definition=equation,args={[-1 0 1 0]},base=-1 2 -2 2,
? 
! Undefined control sequence.
\XC@usec@lor ...\expandafter \c@lor@to@ps #1#2\@@ 
                                                  \else \expandafter \expand...
l.9 \psSolid
            [object=plan,definition=equation,args={[-1 0 1 0]},base=-1 2 -2 2,
? 
! Undefined control sequence.
\c@lor@to@ps ->\PSTricks 
                         _Not_Configured_For_This_Format
l.9 \psSolid
            [object=plan,definition=equation,args={[-1 0 1 0]},base=-1 2 -2 2,
? 
! Undefined control sequence.
\XC@usec@lor ...\expandafter \c@lor@to@ps #1#2\@@ 
                                                  \else \expandafter \expand...
l.9 \psSolid
            [object=plan,definition=equation,args={[-1 0 1 0]},base=-1 2 -2 2,
? 
! Undefined control sequence.
\c@lor@to@ps ->\PSTricks 
                         _Not_Configured_For_This_Format
l.9 \psSolid
            [object=plan,definition=equation,args={[-1 0 1 0]},base=-1 2 -2 2,
? 
! Undefined control sequence.
\XC@usec@lor ...string \color@ #1#2\endcsname \@@ 
                                                  \fi \space 
l.9 \psSolid
            [object=plan,definition=equation,args={[-1 0 1 0]},base=-1 2 -2 2,
? 
! Undefined control sequence.
\c@lor@to@ps ->\PSTricks 
                         _Not_Configured_For_This_Format
l.9 \psSolid
            [object=plan,definition=equation,args={[-1 0 1 0]},base=-1 2 -2 2,
? 
! Undefined control sequence.
\XC@usec@lor ...string \color@ #1#2\endcsname \@@ 
                                                  \fi \space 
l.9 \psSolid
            [object=plan,definition=equation,args={[-1 0 1 0]},base=-1 2 -2 2,
? 
! Undefined control sequence.
\c@lor@to@ps ->\PSTricks 
                         _Not_Configured_For_This_Format
l.9 \psSolid
            [object=plan,definition=equation,args={[-1 0 1 0]},base=-1 2 -2 2,
? 
! Undefined control sequence.
\XC@usec@lor ...\expandafter \c@lor@to@ps #1#2\@@ 
                                                  \else \expandafter \expand...
l.9 \psSolid
            [object=plan,definition=equation,args={[-1 0 1 0]},base=-1 2 -2 2,
? 
! Undefined control sequence.
\c@lor@to@ps ->\PSTricks 
                         _Not_Configured_For_This_Format
l.9 \psSolid
            [object=plan,definition=equation,args={[-1 0 1 0]},base=-1 2 -2 2,
? 
! Undefined control sequence.
\XC@usec@lor ...\expandafter \c@lor@to@ps #1#2\@@ 
                                                  \else \expandafter \expand...
l.9 \psSolid
            [object=plan,definition=equation,args={[-1 0 1 0]},base=-1 2 -2 2,
? 
! Undefined control sequence.
\c@lor@to@ps ->\PSTricks 
                         _Not_Configured_For_This_Format
l.9 \psSolid
            [object=plan,definition=equation,args={[-1 0 1 0]},base=-1 2 -2 2,
? 
! Undefined control sequence.
\XC@usec@lor ...\expandafter \c@lor@to@ps #1#2\@@ 
                                                  \else \expandafter \expand...
l.9 \psSolid
            [object=plan,definition=equation,args={[-1 0 1 0]},base=-1 2 -2 2,
? 
! Undefined control sequence.
\c@lor@to@ps ->\PSTricks 
                         _Not_Configured_For_This_Format
l.9 \psSolid
            [object=plan,definition=equation,args={[-1 0 1 0]},base=-1 2 -2 2,
? 
! Undefined control sequence.
\XC@usec@lor ...\expandafter \c@lor@to@ps #1#2\@@ 
                                                  \else \expandafter \expand...
l.9 \psSolid
            [object=plan,definition=equation,args={[-1 0 1 0]},base=-1 2 -2 2,
? 
! Undefined control sequence.
\c@lor@to@ps ->\PSTricks 
                         _Not_Configured_For_This_Format
l.9 \psSolid
            [object=plan,definition=equation,args={[-1 0 1 0]},base=-1 2 -2 2,
? 
! Undefined control sequence.
\XC@usec@lor ...\expandafter \c@lor@to@ps #1#2\@@ 
                                                  \else \expandafter \expand...
l.9 \psSolid
            [object=plan,definition=equation,args={[-1 0 1 0]},base=-1 2 -2 2,
? 
! Undefined control sequence.
\c@lor@to@ps ->\PSTricks 
                         _Not_Configured_For_This_Format
l.9 \psSolid
            [object=plan,definition=equation,args={[-1 0 1 0]},base=-1 2 -2 2,
? 
! Undefined control sequence.
\XC@usec@lor ...string \color@ #1#2\endcsname \@@ 
                                                  \fi \space 
l.9 \psSolid
            [object=plan,definition=equation,args={[-1 0 1 0]},base=-1 2 -2 2,
? 
! Undefined control sequence.
\c@lor@to@ps ->\PSTricks 
                         _Not_Configured_For_This_Format
l.9 \psSolid
            [object=plan,definition=equation,args={[-1 0 1 0]},base=-1 2 -2 2,
? 
! Undefined control sequence.
\XC@usec@lor ...string \color@ #1#2\endcsname \@@ 
                                                  \fi \space 
l.9 \psSolid
            [object=plan,definition=equation,args={[-1 0 1 0]},base=-1 2 -2 2,
? 
! Undefined control sequence.
\c@lor@to@ps ->\PSTricks 
                         _Not_Configured_For_This_Format
l.9 \psSolid
            [object=plan,definition=equation,args={[-1 0 1 0]},base=-1 2 -2 2,
? 
! Undefined control sequence.
\XC@usec@lor ...string \color@ #1#2\endcsname \@@ 
                                                  \fi \space 
l.9 \psSolid
            [object=plan,definition=equation,args={[-1 0 1 0]},base=-1 2 -2 2,
? 
! Undefined control sequence.
\c@lor@to@ps ->\PSTricks 
                         _Not_Configured_For_This_Format
l.9 \psSolid
            [object=plan,definition=equation,args={[-1 0 1 0]},base=-1 2 -2 2,
? 
! Undefined control sequence.
\XC@usec@lor ...string \color@ #1#2\endcsname \@@ 
                                                  \fi \space 
l.9 \psSolid
            [object=plan,definition=equation,args={[-1 0 1 0]},base=-1 2 -2 2,
? 
! Undefined control sequence.
\c@lor@to@ps ->\PSTricks 
                         _Not_Configured_For_This_Format
l.9 \psSolid
            [object=plan,definition=equation,args={[-1 0 1 0]},base=-1 2 -2 2,
? 
! Undefined control sequence.
\XC@usec@lor ...string \color@ #1#2\endcsname \@@ 
                                                  \fi \space 
l.9 \psSolid
            [object=plan,definition=equation,args={[-1 0 1 0]},base=-1 2 -2 2,
? 
! Undefined control sequence.
\c@lor@to@ps ->\PSTricks 
                         _Not_Configured_For_This_Format
l.9 \psSolid
            [object=plan,definition=equation,args={[-1 0 1 0]},base=-1 2 -2 2,
? 
! Undefined control sequence.
\XC@usec@lor ...string \color@ #1#2\endcsname \@@ 
                                                  \fi \space 
l.9 \psSolid
            [object=plan,definition=equation,args={[-1 0 1 0]},base=-1 2 -2 2,
? 
! Undefined control sequence.
\c@lor@to@ps ->\PSTricks 
                         _Not_Configured_For_This_Format
l.9 \psSolid
            [object=plan,definition=equation,args={[-1 0 1 0]},base=-1 2 -2 2,
? 
! Undefined control sequence.
\XC@usec@lor ...string \color@ #1#2\endcsname \@@ 
                                                  \fi \space 
l.9 \psSolid
            [object=plan,definition=equation,args={[-1 0 1 0]},base=-1 2 -2 2,
? 
! Undefined control sequence.
\c@lor@to@ps ->\PSTricks 
                         _Not_Configured_For_This_Format
l.9 \psSolid
            [object=plan,definition=equation,args={[-1 0 1 0]},base=-1 2 -2 2,
? 
! Undefined control sequence.
\XC@usec@lor ...string \color@ #1#2\endcsname \@@ 
                                                  \fi \space 
l.9 \psSolid
            [object=plan,definition=equation,args={[-1 0 1 0]},base=-1 2 -2 2,
? 
! Undefined control sequence.
\c@lor@to@ps ->\PSTricks 
                         _Not_Configured_For_This_Format
l.9 \psSolid
            [object=plan,definition=equation,args={[-1 0 1 0]},base=-1 2 -2 2,
? 
! Undefined control sequence.
\XC@usec@lor ...string \color@ #1#2\endcsname \@@ 
                                                  \fi \space 
l.9 \psSolid
            [object=plan,definition=equation,args={[-1 0 1 0]},base=-1 2 -2 2,
? 
! Undefined control sequence.
\c@lor@to@ps ->\PSTricks 
                         _Not_Configured_For_This_Format
l.9 \psSolid
            [object=plan,definition=equation,args={[-1 0 1 0]},base=-1 2 -2 2,
? 
! Undefined control sequence.
\XC@usec@lor ...string \color@ #1#2\endcsname \@@ 
                                                  \fi \space 
l.9 \psSolid
            [object=plan,definition=equation,args={[-1 0 1 0]},base=-1 2 -2 2,
? 
! Undefined control sequence.
\c@lor@to@ps ->\PSTricks 
                         _Not_Configured_For_This_Format
l.9 \psSolid
            [object=plan,definition=equation,args={[-1 0 1 0]},base=-1 2 -2 2,
? 
! Undefined control sequence.
\XC@usec@lor ...string \color@ #1#2\endcsname \@@ 
                                                  \fi \space 
l.9 \psSolid
            [object=plan,definition=equation,args={[-1 0 1 0]},base=-1 2 -2 2,
? 
! Undefined control sequence.
\c@lor@to@ps ->\PSTricks 
                         _Not_Configured_For_This_Format
l.9 \psSolid
            [object=plan,definition=equation,args={[-1 0 1 0]},base=-1 2 -2 2,
? 
! Undefined control sequence.
\XC@usec@lor ...string \color@ #1#2\endcsname \@@ 
                                                  \fi \space 
l.9 \psSolid
            [object=plan,definition=equation,args={[-1 0 1 0]},base=-1 2 -2 2,
? 
LaTeX Font Info:    External font `cmex10' loaded for size
(Font)              <7> on input line 9.
LaTeX Font Info:    External font `cmex10' loaded for size
(Font)              <5> on input line 9.
! Undefined control sequence.
\c@lor@to@ps ->\PSTricks 
                         _Not_Configured_For_This_Format
l.11 \psSolid
             [object=sphere,r=1,fillcolor=cyan,ngrid=72 72,name=C1,action=no...

? 
! Undefined control sequence.
\XC@usec@lor ...string \color@ #1#2\endcsname \@@ 
                                                  \fi \space 
l.11 \psSolid
             [object=sphere,r=1,fillcolor=cyan,ngrid=72 72,name=C1,action=no...

? 
! Undefined control sequence.
\c@lor@to@ps ->\PSTricks 
                         _Not_Configured_For_This_Format
l.11 \psSolid
             [object=sphere,r=1,fillcolor=cyan,ngrid=72 72,name=C1,action=no...

? 
! Undefined control sequence.
\XC@usec@lor ...\expandafter \c@lor@to@ps #1#2\@@ 
                                                  \else \expandafter \expand...
l.11 \psSolid
             [object=sphere,r=1,fillcolor=cyan,ngrid=72 72,name=C1,action=no...

? 
! Undefined control sequence.
\c@lor@to@ps ->\PSTricks 
                         _Not_Configured_For_This_Format
l.11 \psSolid
             [object=sphere,r=1,fillcolor=cyan,ngrid=72 72,name=C1,action=no...

? 
! Undefined control sequence.
\XC@usec@lor ...\expandafter \c@lor@to@ps #1#2\@@ 
                                                  \else \expandafter \expand...
l.11 \psSolid
             [object=sphere,r=1,fillcolor=cyan,ngrid=72 72,name=C1,action=no...

? 
! Undefined control sequence.
\c@lor@to@ps ->\PSTricks 
                         _Not_Configured_For_This_Format
l.11 \psSolid
             [object=sphere,r=1,fillcolor=cyan,ngrid=72 72,name=C1,action=no...

? 
! Undefined control sequence.
\XC@usec@lor ...\expandafter \c@lor@to@ps #1#2\@@ 
                                                  \else \expandafter \expand...
l.11 \psSolid
             [object=sphere,r=1,fillcolor=cyan,ngrid=72 72,name=C1,action=no...

? 
! Undefined control sequence.
\c@lor@to@ps ->\PSTricks 
                         _Not_Configured_For_This_Format
l.11 \psSolid
             [object=sphere,r=1,fillcolor=cyan,ngrid=72 72,name=C1,action=no...

? 
! Undefined control sequence.
\XC@usec@lor ...\expandafter \c@lor@to@ps #1#2\@@ 
                                                  \else \expandafter \expand...
l.11 \psSolid
             [object=sphere,r=1,fillcolor=cyan,ngrid=72 72,name=C1,action=no...

? 
! Undefined control sequence.
\c@lor@to@ps ->\PSTricks 
                         _Not_Configured_For_This_Format
l.11 \psSolid
             [object=sphere,r=1,fillcolor=cyan,ngrid=72 72,name=C1,action=no...

? 
! Undefined control sequence.
\XC@usec@lor ...\expandafter \c@lor@to@ps #1#2\@@ 
                                                  \else \expandafter \expand...
l.11 \psSolid
             [object=sphere,r=1,fillcolor=cyan,ngrid=72 72,name=C1,action=no...

? 
! Undefined control sequence.
\c@lor@to@ps ->\PSTricks 
                         _Not_Configured_For_This_Format
l.11 \psSolid
             [object=sphere,r=1,fillcolor=cyan,ngrid=72 72,name=C1,action=no...

? 
! Undefined control sequence.
\XC@usec@lor ...\expandafter \c@lor@to@ps #1#2\@@ 
                                                  \else \expandafter \expand...
l.11 \psSolid
             [object=sphere,r=1,fillcolor=cyan,ngrid=72 72,name=C1,action=no...

? 
! Undefined control sequence.
\c@lor@to@ps ->\PSTricks 
                         _Not_Configured_For_This_Format
l.11 ...an,ngrid=72 72,name=C1,action=none](1,0,0)
                                                  
? 
! Undefined control sequence.
\XC@usec@lor ...string \color@ #1#2\endcsname \@@ 
                                                  \fi \space 
l.11 ...an,ngrid=72 72,name=C1,action=none](1,0,0)
                                                  
? 
! Undefined control sequence.
\c@lor@to@ps ->\PSTricks 
                         _Not_Configured_For_This_Format
l.11 ...an,ngrid=72 72,name=C1,action=none](1,0,0)
                                                  
? 
! Undefined control sequence.
\XC@usec@lor ...\expandafter \c@lor@to@ps #1#2\@@ 
                                                  \else \expandafter \expand...
l.11 ...an,ngrid=72 72,name=C1,action=none](1,0,0)
                                                  
? 
! Undefined control sequence.
\c@lor@to@ps ->\PSTricks 
                         _Not_Configured_For_This_Format
l.11 ...an,ngrid=72 72,name=C1,action=none](1,0,0)
                                                  
? 
! Undefined control sequence.
\XC@usec@lor ...\expandafter \c@lor@to@ps #1#2\@@ 
                                                  \else \expandafter \expand...
l.11 ...an,ngrid=72 72,name=C1,action=none](1,0,0)
                                                  
? 
! Undefined control sequence.
\c@lor@to@ps ->\PSTricks 
                         _Not_Configured_For_This_Format
l.11 ...an,ngrid=72 72,name=C1,action=none](1,0,0)
                                                  
? 
! Undefined control sequence.
\XC@usec@lor ...\expandafter \c@lor@to@ps #1#2\@@ 
                                                  \else \expandafter \expand...
l.11 ...an,ngrid=72 72,name=C1,action=none](1,0,0)
                                                  
? 
! Undefined control sequence.
\c@lor@to@ps ->\PSTricks 
                         _Not_Configured_For_This_Format
l.11 ...an,ngrid=72 72,name=C1,action=none](1,0,0)
                                                  
? 
! Interruption.
<to be read again> 
                   0
l.11 ...an,ngrid=72 72,name=C1,action=none](1,0,0)
                                                  
? 
! Undefined control sequence.
\XC@usec@lor ...\expandafter \c@lor@to@ps #1#2\@@ 
                                                  \else \expandafter \expand...
l.11 ...an,ngrid=72 72,name=C1,action=none](1,0,0)
                                                  
? x
 
Here is how much of TeX's memory you used:
 9415 strings out of 478994
 169846 string characters out of 5864751
 499519 words of memory out of 5000000
 26845 multiletter control sequences out of 15000+600000
 403430 words of font info for 27 fonts, out of 8000000 for 9000
 1141 hyphenation exceptions out of 8191
 74i,3n,79p,599b,283s stack positions out of 5000i,500n,10000p,200000b,80000s
No pages of output.
PDF statistics:
 0 PDF objects out of 1000 (max. 8388607)
 0 named destinations out of 1000 (max. 500000)
 1 words of extra memory for PDF output out of 10000 (max. 10000000)

