This is pdfTeX, Version 3.141592653-2.6-1.40.22 (TeX Live 2021/Arch Linux) (preloaded format=pdflatex 2021.5.28)  16 JUN 2021 08:51
entering extended mode
 restricted \write18 enabled.
 %&-line parsing enabled.
**mainfile.tex
(./mainfile.tex
LaTeX2e <2020-10-01> patch level 4
L3 programming layer <2021-02-18>
(/usr/share/texmf-dist/tex/latex/base/article.cls
Document Class: article 2020/04/10 v1.4m Standard LaTeX document class
(/usr/share/texmf-dist/tex/latex/base/size10.clo
File: size10.clo 2020/04/10 v1.4m Standard LaTeX file (size option)
)
\c@part=\count179
\c@section=\count180
\c@subsection=\count181
\c@subsubsection=\count182
\c@paragraph=\count183
\c@subparagraph=\count184
\c@figure=\count185
\c@table=\count186
\abovecaptionskip=\skip47
\belowcaptionskip=\skip48
\bibindent=\dimen138
)

(/usr/share/texmf-dist/tex/latex/pythontex/pythontex.sty
Package: pythontex 2019/09/22 v0.17 execute and typeset Python code and other l
anguages

(/usr/share/texmf-dist/tex/latex/fvextra/fvextra.sty
Package: fvextra 2019/02/04 v1.4 fvextra - extensions and patches for fancyvrb

(/usr/share/texmf-dist/tex/latex/base/ifthen.sty
Package: ifthen 2014/09/29 v1.1c Standard LaTeX ifthen package (DPC)
)
(/usr/share/texmf-dist/tex/latex/etoolbox/etoolbox.sty
Package: etoolbox 2020/10/05 v2.5k e-TeX tools for LaTeX (JAW)
\etb@tempcnta=\count187
)
(/usr/share/texmf-dist/tex/latex/fancyvrb/fancyvrb.sty
Package: fancyvrb 2021/01/20 v3.7 verbatim text (tvz,hv)

(/usr/share/texmf-dist/tex/latex/graphics/keyval.sty
Package: keyval 2014/10/28 v1.15 key=value parser (DPC)
\KV@toks@=\toks15
)
\FV@CodeLineNo=\count188
\FV@InFile=\read2
\FV@TabBox=\box47
\c@FancyVerbLine=\count189
\FV@StepNumber=\count190
\FV@OutFile=\write3
)
(/usr/share/texmf-dist/tex/latex/upquote/upquote.sty
Package: upquote 2012/04/19 v1.3 upright-quote and grave-accent glyphs in verba
tim
)
(/usr/share/texmf-dist/tex/latex/lineno/lineno.sty
Package: lineno 2005/11/02 line numbers on paragraphs v4.41
\linenopenalty=\count191
\output=\toks16
\linenoprevgraf=\count192
\linenumbersep=\dimen139
\linenumberwidth=\dimen140
\c@linenumber=\count193
\c@pagewiselinenumber=\count194
\c@LN@truepage=\count195
\c@internallinenumber=\count196
\c@internallinenumbers=\count197
\quotelinenumbersep=\dimen141
\bframerule=\dimen142
\bframesep=\dimen143
\bframebox=\box48
LaTeX Info: Redefining \\ on input line 3056.
)
\c@FV@TrueTabGroupLevel=\count198
\c@FV@TrueTabCounter=\count199
\FV@TabBox@Group=\box49
\FV@TmpLength=\skip49
\c@FV@HighlightLinesStart=\count266
\c@FV@HighlightLinesStop=\count267
\FV@LoopCount=\count268
\FV@NCharsBox=\box50
\FV@BreakIndent=\dimen144
\FV@BreakIndentNChars=\count269
\FV@BreakSymbolSepLeft=\dimen145
\FV@BreakSymbolSepLeftNChars=\count270
\FV@BreakSymbolSepRight=\dimen146
\FV@BreakSymbolSepRightNChars=\count271
\FV@BreakSymbolIndentLeft=\dimen147
\FV@BreakSymbolIndentLeftNChars=\count272
\FV@BreakSymbolIndentRight=\dimen148
\FV@BreakSymbolIndentRightNChars=\count273
\c@FancyVerbLineBreakLast=\count274
\FV@LineBox=\box51
\FV@LineIndentBox=\box52
\FV@LineWidth=\dimen149
)
(/usr/share/texmf-dist/tex/generic/xstring/xstring.sty
(/usr/share/texmf-dist/tex/generic/xstring/xstring.tex
\integerpart=\count275
\decimalpart=\count276
)
Package: xstring 2019/02/06 v1.83 String manipulations (CT)
)
(/usr/share/texmf-dist/tex/latex/pgfopts/pgfopts.sty
Package: pgfopts 2014/07/10 v2.1a LaTeX package options with pgfkeys

(/usr/share/texmf-dist/tex/latex/pgf/utilities/pgfkeys.sty
(/usr/share/texmf-dist/tex/generic/pgf/utilities/pgfkeys.code.tex
\pgfkeys@pathtoks=\toks17
\pgfkeys@temptoks=\toks18

(/usr/share/texmf-dist/tex/generic/pgf/utilities/pgfkeysfiltered.code.tex
\pgfkeys@tmptoks=\toks19
)))
\pgfopts@list@add@a@toks=\toks20
\pgfopts@list@add@b@toks=\toks21
)
(/usr/share/texmf-dist/tex/latex/newfloat/newfloat.sty
Package: newfloat 2019/09/02 v1.1l Defining new floating environments (AR)
)
(/usr/share/texmf-dist/tex/latex/currfile/currfile.sty
Package: currfile 2020/09/29 v0.7d Provides the file path elements of the curre
nt input file

(/usr/share/texmf-dist/tex/latex/kvoptions/kvoptions.sty
Package: kvoptions 2020-10-07 v3.14 Key value format for package options (HO)

(/usr/share/texmf-dist/tex/generic/ltxcmds/ltxcmds.sty
Package: ltxcmds 2020-05-10 v1.25 LaTeX kernel commands for general use (HO)
)
(/usr/share/texmf-dist/tex/generic/kvsetkeys/kvsetkeys.sty
Package: kvsetkeys 2019/12/15 v1.18 Key value parser (HO)
))
(/usr/share/texmf-dist/tex/latex/filehook/filehook.sty
Package: filehook 2020/09/29 v0.8a Hooks for input files

(/usr/share/texmf-dist/tex/latex/filehook/filehook-2020.sty
Package: filehook-2020 2020/09/29 v0.8a Hooks for input files
))
\c@currfiledepth=\count277
)
\pytx@codefile=\write4
\openout4 = `mainfile.pytxcode'.

\c@pytx@FancyVerbLineTemp=\count278
\c@pytx@py@default@default=\count279
\c@pytx@pycon@default@default=\count280
\c@pytx@sympy@default@default=\count281
\c@pytx@sympycon@default@default=\count282
\c@pytx@pylab@default@default=\count283
\c@pytx@pylabcon@default@default=\count284
)
(/usr/share/texmf-dist/tex/latex/was/gensymb.sty
Package: gensymb 2003/07/02 v1.0 (WaS)
)
(/usr/share/texmf-dist/tex/latex/amsfonts/amssymb.sty
Package: amssymb 2013/01/14 v3.01 AMS font symbols

(/usr/share/texmf-dist/tex/latex/amsfonts/amsfonts.sty
Package: amsfonts 2013/01/14 v3.01 Basic AMSFonts support
\@emptytoks=\toks22
\symAMSa=\mathgroup4
\symAMSb=\mathgroup5
LaTeX Font Info:    Redeclaring math symbol \hbar on input line 98.
LaTeX Font Info:    Overwriting math alphabet `\mathfrak' in version `bold'
(Font)                  U/euf/m/n --> U/euf/b/n on input line 106.
))
(/usr/share/texmf-dist/tex/latex/graphics/graphicx.sty
Package: graphicx 2020/09/09 v1.2b Enhanced LaTeX Graphics (DPC,SPQR)

(/usr/share/texmf-dist/tex/latex/graphics/graphics.sty
Package: graphics 2020/08/30 v1.4c Standard LaTeX Graphics (DPC,SPQR)

(/usr/share/texmf-dist/tex/latex/graphics/trig.sty
Package: trig 2016/01/03 v1.10 sin cos tan (DPC)
)
(/usr/share/texmf-dist/tex/latex/graphics-cfg/graphics.cfg
File: graphics.cfg 2016/06/04 v1.11 sample graphics configuration
)
Package graphics Info: Driver file: pdftex.def on input line 105.

(/usr/share/texmf-dist/tex/latex/graphics-def/pdftex.def
File: pdftex.def 2020/10/05 v1.2a Graphics/color driver for pdftex
))
\Gin@req@height=\dimen150
\Gin@req@width=\dimen151
)
(/usr/share/texmf-dist/tex/latex/listings/listings.sty
\lst@mode=\count285
\lst@gtempboxa=\box53
\lst@token=\toks23
\lst@length=\count286
\lst@currlwidth=\dimen152
\lst@column=\count287
\lst@pos=\count288
\lst@lostspace=\dimen153
\lst@width=\dimen154
\lst@newlines=\count289
\lst@lineno=\count290
\lst@maxwidth=\dimen155

(/usr/share/texmf-dist/tex/latex/listings/lstmisc.sty
File: lstmisc.sty 2020/03/24 1.8d (Carsten Heinz)
\c@lstnumber=\count291
\lst@skipnumbers=\count292
\lst@framebox=\box54
)
(/usr/share/texmf-dist/tex/latex/listings/listings.cfg
File: listings.cfg 2020/03/24 1.8d listings configuration
))
Package: listings 2020/03/24 1.8d (Carsten Heinz)

(/usr/share/texmf-dist/tex/latex/xcolor/xcolor.sty
Package: xcolor 2016/05/11 v2.12 LaTeX color extensions (UK)

(/usr/share/texmf-dist/tex/latex/graphics-cfg/color.cfg
File: color.cfg 2016/01/02 v1.6 sample color configuration
)
Package xcolor Info: Driver file: pdftex.def on input line 225.
Package xcolor Info: Model `cmy' substituted by `cmy0' on input line 1348.
Package xcolor Info: Model `hsb' substituted by `rgb' on input line 1352.
Package xcolor Info: Model `RGB' extended on input line 1364.
Package xcolor Info: Model `HTML' substituted by `rgb' on input line 1366.
Package xcolor Info: Model `Hsb' substituted by `hsb' on input line 1367.
Package xcolor Info: Model `tHsb' substituted by `hsb' on input line 1368.
Package xcolor Info: Model `HSB' substituted by `hsb' on input line 1369.
Package xcolor Info: Model `Gray' substituted by `gray' on input line 1370.
Package xcolor Info: Model `wave' substituted by `hsb' on input line 1371.
)
(/usr/share/texmf-dist/tex/latex/booktabs/booktabs.sty
Package: booktabs 2020/01/12 v1.61803398 Publication quality tables
\heavyrulewidth=\dimen156
\lightrulewidth=\dimen157
\cmidrulewidth=\dimen158
\belowrulesep=\dimen159
\belowbottomsep=\dimen160
\aboverulesep=\dimen161
\abovetopsep=\dimen162
\cmidrulesep=\dimen163
\cmidrulekern=\dimen164
\defaultaddspace=\dimen165
\@cmidla=\count293
\@cmidlb=\count294
\@aboverulesep=\dimen166
\@belowrulesep=\dimen167
\@thisruleclass=\count295
\@lastruleclass=\count296
\@thisrulewidth=\dimen168
)
(/usr/share/texmf-dist/tex/latex/tools/array.sty
Package: array 2020/10/01 v2.5c Tabular extension package (FMi)
\col@sep=\dimen169
\ar@mcellbox=\box55
\extrarowheight=\dimen170
\NC@list=\toks24
\extratabsurround=\skip50
\backup@length=\skip51
\ar@cellbox=\box56
)
(/usr/share/texmf-dist/tex/latex/was/upgreek.sty
Package: upgreek 2003/02/12 v2.0 (WaS)
Package upgreek Info: Using Euler Roman for upright Greek on input line 31.
\symugrf@m=\mathgroup6
LaTeX Font Info:    Overwriting symbol font `ugrf@m' in version `bold'
(Font)                  U/eur/m/n --> U/eur/b/n on input line 38.
)
(/usr/share/texmf-dist/tex/latex/base/inputenc.sty
Package: inputenc 2020/08/01 v1.3d Input encoding file
\inpenc@prehook=\toks25
\inpenc@posthook=\toks26
)
(/usr/share/texmf-dist/tex/latex/multirow/multirow.sty
Package: multirow 2021/03/15 v2.8 Span multiple rows of a table
\multirow@colwidth=\skip52
\multirow@cntb=\count297
\multirow@dima=\skip53
\bigstrutjot=\dimen171
)
(/usr/share/texmf-dist/tex/generic/soul/soul.sty
Package: soul 2003/11/17 v2.4 letterspacing/underlining (mf)
\SOUL@word=\toks27
\SOUL@lasttoken=\toks28
\SOUL@cmds=\toks29
\SOUL@buffer=\toks30
\SOUL@token=\toks31
\SOUL@spaceskip=\skip54
\SOUL@ttwidth=\dimen172
\SOUL@uldp=\dimen173
\SOUL@ulht=\dimen174
)

! LaTeX Error: Option clash for package xcolor.

See the LaTeX manual or LaTeX Companion for explanation.
Type  H <return>  for immediate help.
 ...                                              
                                                  
l.23 \usepackage
                {changepage,threeparttable} % for wide tables
? 
(/usr/share/texmf-dist/tex/latex/changepage/changepage.sty
Package: changepage 2009/10/20 v1.0c check page and change page layout
\c@cp@cntr=\count298
\cp@tempcnt=\count299
)
(/usr/share/texmf-dist/tex/latex/threeparttable/threeparttable.sty
Package: threeparttable 2003/06/13  v 3.0
\@tempboxb=\box57
)
(/usr/share/texmf-dist/tex/latex/l3backend/l3backend-pdftex.def
File: l3backend-pdftex.def 2021-03-18 L3 backend support: PDF output (pdfTeX)
\l__color_backend_stack_int=\count300
\l__pdf_internal_box=\box58
)
No file mainfile.aux.
\openout1 = `mainfile.aux'.

LaTeX Font Info:    Checking defaults for OML/cmm/m/it on input line 57.
LaTeX Font Info:    ... okay on input line 57.
LaTeX Font Info:    Checking defaults for OMS/cmsy/m/n on input line 57.
LaTeX Font Info:    ... okay on input line 57.
LaTeX Font Info:    Checking defaults for OT1/cmr/m/n on input line 57.
LaTeX Font Info:    ... okay on input line 57.
LaTeX Font Info:    Checking defaults for T1/cmr/m/n on input line 57.
LaTeX Font Info:    ... okay on input line 57.
LaTeX Font Info:    Checking defaults for TS1/cmr/m/n on input line 57.
LaTeX Font Info:    ... okay on input line 57.
LaTeX Font Info:    Checking defaults for OMX/cmex/m/n on input line 57.
LaTeX Font Info:    ... okay on input line 57.
LaTeX Font Info:    Checking defaults for U/cmr/m/n on input line 57.
LaTeX Font Info:    ... okay on input line 57.
No file pythontex-files-mainfile/mainfile.pytxmcr.
Run PythonTeX to create it.
Package newfloat Info: New float `listing' with options `fileext=lopytx' on inp
ut line 57.
\c@listing=\count301
\newfloat@ftype=\count302
Package newfloat Info: float type `listing'=8 on input line 57.
LaTeX Info: Redefining \celsius on input line 57.
Package gensymb Info: Faking symbols for \degree and \celsius on input line 57.


Package gensymb Warning: Not defining \perthousand.

LaTeX Info: Redefining \ohm on input line 57.
Package gensymb Info: Using \Omega for \ohm on input line 57.

Package gensymb Warning: Not defining \micro.

(/usr/share/texmf-dist/tex/context/base/mkii/supp-pdf.mkii
[Loading MPS to PDF converter (version 2006.09.02).]
\scratchcounter=\count303
\scratchdimen=\dimen175
\scratchbox=\box59
\nofMPsegments=\count304
\nofMParguments=\count305
\everyMPshowfont=\toks32
\MPscratchCnt=\count306
\MPscratchDim=\dimen176
\MPnumerator=\count307
\makeMPintoPDFobject=\count308
\everyMPtoPDFconversion=\toks33
) (/usr/share/texmf-dist/tex/latex/epstopdf-pkg/epstopdf-base.sty
Package: epstopdf-base 2020-01-24 v2.11 Base part for package epstopdf
Package epstopdf-base Info: Redefining graphics rule for `.eps' on input line 4
85.

(/usr/share/texmf-dist/tex/latex/latexconfig/epstopdf-sys.cfg
File: epstopdf-sys.cfg 2010/07/13 v1.3 Configuration of (r)epstopdf for TeX Liv
e
))
(/usr/share/texmf-dist/tex/latex/base/textcomp.sty
Package: textcomp 2020/02/02 v2.0n Standard LaTeX package
)
\c@lstlisting=\count309


! LaTeX Error: Something's wrong--perhaps a missing \item.

See the LaTeX manual or LaTeX Companion for explanation.
Type  H <return>  for immediate help.
 ...                                              
                                                  
l.59 \begin{center}
                   
? 

Overfull \hbox (94.1947pt too wide) in paragraph at lines 60--61
 [] 
 []


Overfull \hbox (94.1947pt too wide) in paragraph at lines 60--61
 [] 
 []


Overfull \hbox (94.1947pt too wide) in paragraph at lines 65--66
 [][] 
 []


Overfull \hbox (94.1947pt too wide) in paragraph at lines 65--66
 [] 
 []

[1

{/var/lib/texmf/fonts/map/pdftex/updmap/pdftex.map}]
LaTeX Font Info:    Trying to load font information for U+msa on input line 99.


(/usr/share/texmf-dist/tex/latex/amsfonts/umsa.fd
File: umsa.fd 2013/01/14 v3.01 AMS symbols A
)
LaTeX Font Info:    Trying to load font information for U+msb on input line 99.


(/usr/share/texmf-dist/tex/latex/amsfonts/umsb.fd
File: umsb.fd 2013/01/14 v3.01 AMS symbols B
)
Underfull \hbox (badness 1097) in paragraph at lines 117--120
\OT1/cmr/m/n/12 It con-sists of an evac-u-ated glass en-velop in
 []


Underfull \hbox (badness 10000) in paragraph at lines 117--120

 []

[2]
! Missing number, treated as zero.
<to be read again> 
                   g
l.120 \vskip g
              reen : $\mathrm{Zn}$ silicate doped with $\mathrm{Mn}$. \\
? 
! Illegal unit of measure (pt inserted).
<to be read again> 
                   g
l.120 \vskip g
              reen : $\mathrm{Zn}$ silicate doped with $\mathrm{Mn}$. \\
? 

Underfull \hbox (badness 10000) in paragraph at lines 120--121

 []

! Missing number, treated as zero.
<to be read again> 
                   b
l.121 \vskip b
              lue : $\mathrm{ZnS}$ doped with $\mathrm{Ag}$. \\
? 
! Illegal unit of measure (pt inserted).
<to be read again> 
                   b
l.121 \vskip bl
               ue : $\mathrm{ZnS}$ doped with $\mathrm{Ag}$. \\
? 

Underfull \hbox (badness 10000) in paragraph at lines 121--122

 []

! Missing number, treated as zero.
<to be read again> 
                   r
l.122 \vskip r
              ed : Zn phosphate doped with Mn.
? 
! Illegal unit of measure (pt inserted).
<to be read again> 
                   r
l.122 \vskip r
              ed : Zn phosphate doped with Mn.
? 
<CRO-Block-Diagram.jpg, id=15, 796.9775pt x 412.54124pt>
File: CRO-Block-Diagram.jpg Graphic file (type jpg)
<use CRO-Block-Diagram.jpg>
Package pdftex.def Info: CRO-Block-Diagram.jpg  used on input line 125.
(pdftex.def)             Requested size: 284.52756pt x 147.28093pt.

LaTeX Warning: Citation `CRO' on page 3 undefined on input line 126.

[3 <./CRO-Block-Diagram.jpg>] [4]
! Undefined control sequence.
l.136 x=a \sin \omega t $\text
                               { and }$$ y=b \sin (\omega t+\theta)
? 
! Display math should end with $$.
<to be read again> 
                   {
l.136 x=a \sin \omega t $\text {
                                 and }$$ y=b \sin (\omega t+\theta)
? 
! Undefined control sequence.
<recently read> \text 
                      
l.145 \text
            { or }\\
? 

Underfull \hbox (badness 10000) in paragraph at lines 148--155

 []


Underfull \hbox (badness 10000) in paragraph at lines 148--155

 []

[5]
<LR.png, id=31, 298.11375pt x 170.6375pt>

! Missing number, treated as zero.
<to be read again> 
                   \relax 
l.163 ...graphics[width = 10cm \textwidth]{LR.png}
                                                  
? 
! Illegal unit of measure (pt inserted).
<to be read again> 
                   \relax 
l.163 ...graphics[width = 10cm \textwidth]{LR.png}
                                                  
? 
! Missing number, treated as zero.
<to be read again> 
                   \relax 
l.163 ...graphics[width = 10cm \textwidth]{LR.png}
                                                  
? 
! Illegal unit of measure (pt inserted).
<to be read again> 
                   \relax 
l.163 ...graphics[width = 10cm \textwidth]{LR.png}
                                                  
? 
File: LR.png Graphic file (type png)
<use LR.png>
Package pdftex.def Info: LR.png  used on input line 163.
(pdftex.def)             Requested size: 284.52756pt x 162.87018pt.
! Undefined control sequence.
<argument> ... }{\ignorespaces R-L Circuit \citep 
                                                  {rl_circuit}}}{\thepage }{...
l.164     \caption{R-L Circuit \citep{rl_circuit}}
                                                  
? 
! Undefined control sequence.
<argument> ... : \ignorespaces R-L Circuit \citep 
                                                  {rl_circuit}
l.164     \caption{R-L Circuit \citep{rl_circuit}}
                                                  
? 
! Missing $ inserted.
<inserted text> 
                $
l.164     \caption{R-L Circuit \citep{rl_circuit}}
                                                  
? 
! Extra }, or forgotten $.
<argument> ...aces R-L Circuit \citep {rl_circuit}
                                                  
l.164     \caption{R-L Circuit \citep{rl_circuit}}
                                                  
? 
! Missing $ inserted.
<inserted text> 
                $
l.164     \caption{R-L Circuit \citep{rl_circuit}}
                                                  
? 
! Missing } inserted.
<inserted text> 
                }
l.164     \caption{R-L Circuit \citep{rl_circuit}}
                                                  
? 

! LaTeX Error: There's no line here to end.

See the LaTeX manual or LaTeX Companion for explanation.
Type  H <return>  for immediate help.
 ...                                              
                                                  
l.168 \newline
              
? 

Underfull \hbox (badness 2617) in paragraph at lines 177--178
\OT1/cmr/m/n/12 from the Schematic Con-nec-tors sub-
 []

[6 <./LR.png>] [7]
<stream.png, id=43, 44.165pt x 44.165pt>
File: stream.png Graphic file (type png)
<use stream.png>
Package pdftex.def Info: stream.png  used on input line 183.
(pdftex.def)             Requested size: 28.45284pt x 28.45284pt.
<lissajous.png, id=45, 337.26pt x 165.61874pt>

! Missing number, treated as zero.
<to be read again> 
                   \relax 
l.199 ...s[width = 10cm \textwidth]{lissajous.png}
                                                  
? 
! Illegal unit of measure (pt inserted).
<to be read again> 
                   \relax 
l.199 ...s[width = 10cm \textwidth]{lissajous.png}
                                                  
? 
! Missing number, treated as zero.
<to be read again> 
                   \relax 
l.199 ...s[width = 10cm \textwidth]{lissajous.png}
                                                  
? 
! Illegal unit of measure (pt inserted).
<to be read again> 
                   \relax 
l.199 ...s[width = 10cm \textwidth]{lissajous.png}
                                                  
? 
File: lissajous.png Graphic file (type png)
<use lissajous.png>
Package pdftex.def Info: lissajous.png  used on input line 199.
(pdftex.def)             Requested size: 284.52756pt x 139.7253pt.

LaTeX Warning: Citation `CRO_Display' on page 8 undefined on input line 200.

[8 <./stream.png> <./lissajous.png>]
! Undefined control sequence.
l.209     \item Set the cross wire at $k^{\text
                                                {th }}$ ring then move towar...

? 
! Undefined control sequence.
l.209 ...{th }}$ ring then move towards $20^{\text
                                                   {th }}$ and note down the...

? 
[9]
Underfull \hbox (badness 10000) in paragraph at lines 217--217
[]\OT1/cmr/bx/n/17.28 EXPERIMENT DATA
 []

! Missing $ inserted.
<inserted text> 
                $
l.226 Resistance of inductor = 100 \Omega
                                         $ \\
? 
! Missing $ inserted.
<inserted text> 
                $
l.228 Phase Difference($\theta$) = T_
                                     {d} / T_{p} \times 360 \\
? 
! Missing $ inserted.
<inserted text> 
                $
l.230 \vskip
             =10 n s / 100 n s \times 360^{\circ} \times \pi/180 =\theta_{ra...

? 

Underfull \hbox (badness 10000) in paragraph at lines 218--230

 []


Underfull \hbox (badness 10000) in paragraph at lines 218--230

 []


Underfull \hbox (badness 10000) in paragraph at lines 218--230

 []


Underfull \hbox (badness 10000) in paragraph at lines 218--230

 []


Underfull \hbox (badness 10000) in paragraph at lines 218--230

 []


Underfull \hbox (badness 10000) in paragraph at lines 218--230

 []

! Missing number, treated as zero.
<to be read again> 
                   =
l.230 \vskip =
              10 n s / 100 n s \times 360^{\circ} \times \pi/180 =\theta_{ra...

? 
! Illegal unit of measure (pt inserted).
<to be read again> 
                   =
l.230 \vskip =
              10 n s / 100 n s \times 360^{\circ} \times \pi/180 =\theta_{ra...

? 
! Missing $ inserted.
<inserted text> 
                $
l.230 \vskip =10 n s / 100 n s \times
                                      360^{\circ} \times \pi/180 =\theta_{ra...

? 

Underfull \hbox (badness 10000) in paragraph at lines 230--232

 []


Underfull \hbox (badness 10000) in paragraph at lines 230--232

 []

! Missing number, treated as zero.
<to be read again> 
                   H
l.232 \vskip H
              ere, $T_d$ and $T_p$ are time delay and time period respective...

? 
! Illegal unit of measure (pt inserted).
<to be read again> 
                   H
l.232 \vskip H
              ere, $T_d$ and $T_p$ are time delay and time period respective...

? 
! Missing $ inserted.
<inserted text> 
                $
l.234 x = $A_x$$\sin($2\times
                              \omega \times t$) \\
? 
! Missing $ inserted.
<inserted text> 
                $
l.236 y = $A_y$$\sin($2\times
                              \omega \times t$ + $\theta$)
? 

Underfull \hbox (badness 10000) in paragraph at lines 232--238

 []


Underfull \hbox (badness 10000) in paragraph at lines 232--238

 []


Underfull \hbox (badness 10000) in paragraph at lines 232--238

 []

! Missing number, treated as zero.
<to be read again> 
                   H
l.238 \vskip H
              ere, $A_x$ and $A_y$ are peak amplitude of x and y waveform \\
? 
! Illegal unit of measure (pt inserted).
<to be read again> 
                   H
l.238 \vskip H
              ere, $A_x$ and $A_y$ are peak amplitude of x and y waveform \\
? 

Underfull \hbox (badness 10000) in paragraph at lines 238--239

 []

<1.png, id=54, 300.12125pt x 288.07625pt>
File: 1.png Graphic file (type png)
<use 1.png>
Package pdftex.def Info: 1.png  used on input line 248.
(pdftex.def)             Requested size: 144.54198pt x 108.40634pt.

Overfull \hbox (2.2782pt too wide) in paragraph at lines 248--249
[]|[]| 
 []

<2.png, id=55, 300.12125pt x 288.07625pt>
File: 2.png Graphic file (type png)
<use 2.png>
Package pdftex.def Info: 2.png  used on input line 251.
(pdftex.def)             Requested size: 144.54198pt x 108.40634pt.

Overfull \hbox (2.2782pt too wide) in paragraph at lines 251--252
[]|[]| 
 []

<3.png, id=56, 300.12125pt x 288.07625pt>
File: 3.png Graphic file (type png)
<use 3.png>
Package pdftex.def Info: 3.png  used on input line 254.
(pdftex.def)             Requested size: 144.54198pt x 108.40634pt.

Overfull \hbox (2.2782pt too wide) in paragraph at lines 254--255
[]|[]| 
 []

<4.png, id=57, 300.12125pt x 285.065pt>
File: 4.png Graphic file (type png)
<use 4.png>
Package pdftex.def Info: 4.png  used on input line 257.
(pdftex.def)             Requested size: 144.54198pt x 108.40411pt.

Overfull \hbox (2.2782pt too wide) in paragraph at lines 257--258
[]|[]| 
 []

<5.png, id=58, 300.12125pt x 284.06125pt>
File: 5.png Graphic file (type png)
<use 5.png>
Package pdftex.def Info: 5.png  used on input line 260.
(pdftex.def)             Requested size: 144.54198pt x 108.40382pt.

Overfull \hbox (2.2782pt too wide) in paragraph at lines 260--261
[]|[]| 
 []


Overfull \hbox (123.11214pt too wide) in paragraph at lines 243--263
 [][] 
 []


LaTeX Warning: Float too large for page by 91.43945pt on input line 266.

[10] [11 <./1.png> <./2.png> <./3.png> <./4.png> <./5.png>]
<6.png, id=71, 300.12125pt x 288.07625pt>
File: 6.png Graphic file (type png)
<use 6.png>
Package pdftex.def Info: 6.png  used on input line 276.
(pdftex.def)             Requested size: 144.54198pt x 108.40634pt.

Overfull \hbox (2.2782pt too wide) in paragraph at lines 276--277
[]|[]| 
 []

<7.png, id=72, 300.12125pt x 288.07625pt>
File: 7.png Graphic file (type png)
<use 7.png>
Package pdftex.def Info: 7.png  used on input line 279.
(pdftex.def)             Requested size: 144.54198pt x 108.40634pt.

Overfull \hbox (2.2782pt too wide) in paragraph at lines 279--280
[]|[]| 
 []

<8.png, id=73, 300.12125pt x 288.07625pt>
File: 8.png Graphic file (type png)
<use 8.png>
Package pdftex.def Info: 8.png  used on input line 282.
(pdftex.def)             Requested size: 144.54198pt x 108.40634pt.

Overfull \hbox (2.2782pt too wide) in paragraph at lines 282--283
[]|[]| 
 []


Overfull \hbox (123.11214pt too wide) in paragraph at lines 271--286
 [][] 
 []

[12 <./6.png> <./7.png> <./8.png>]
<v_vs_theta.png, id=80, 442.65375pt x 310.15875pt>

! Missing number, treated as zero.
<to be read again> 
                   \relax 
l.294 ...height = 10cm \textwidth]{v_vs_theta.png}
                                                  
? 
! Illegal unit of measure (pt inserted).
<to be read again> 
                   \relax 
l.294 ...height = 10cm \textwidth]{v_vs_theta.png}
                                                  
? 
File: v_vs_theta.png Graphic file (type png)
<use v_vs_theta.png>
Package pdftex.def Info: v_vs_theta.png  used on input line 294.
(pdftex.def)             Requested size: 284.54022pt x 284.52603pt.
[13 <./v_vs_theta.png>] (/usr/share/texmf-dist/tex/latex/listings/lstlang1.sty
File: lstlang1.sty 2020/03/24 1.8d listings language file
)
LaTeX Font Info:    Trying to load font information for TS1+cmtt on input line 
313.
(/usr/share/texmf-dist/tex/latex/base/ts1cmtt.fd
File: ts1cmtt.fd 2019/12/16 v2.5j Standard LaTeX font definitions
) [14]

! LaTeX Error: \begin{document} ended by \end{frame}.

See the LaTeX manual or LaTeX Companion for explanation.
Type  H <return>  for immediate help.
 ...                                              
                                                  
l.403 \end{frame}
                 
? 
! Missing } inserted.
<inserted text> 
                }
l.403 \end{frame}
                 
? 
! Extra \endgroup.
<recently read> \endgroup 
                          
l.403 \end{frame}
                 
? 
[15]
! Undefined control sequence.
l.406 {\Bold
             Partner A} \\
? 

Underfull \hbox (badness 10000) in paragraph at lines 406--410

 []


! LaTeX Error: There's no line here to end.

See the LaTeX manual or LaTeX Companion for explanation.
Type  H <return>  for immediate help.
 ...                                              
                                                  
l.416 \newline
              
? 
! Undefined control sequence.
l.417 {\Bold
             Partner B} \\
? 

Underfull \hbox (badness 10000) in paragraph at lines 417--421

 []


LaTeX Warning: Citation `harnam' on page 16 undefined on input line 428.


LaTeX Warning: Citation `CRO_Display' on page 16 undefined on input line 429.


LaTeX Warning: Citation `CRO' on page 16 undefined on input line 430.


LaTeX Warning: Citation `rl_circuit' on page 16 undefined on input line 431.

[16] (./mainfile.aux)

LaTeX Warning: There were undefined references.


LaTeX Warning: Label(s) may have changed. Rerun to get cross-references right.

 ) 
Here is how much of TeX's memory you used:
 8366 strings out of 478994
 133228 string characters out of 5864751
 977129 words of memory out of 5000000
 25707 multiletter control sequences out of 15000+600000
 416453 words of font info for 77 fonts, out of 8000000 for 9000
 1141 hyphenation exceptions out of 8191
 83i,15n,88p,406b,1818s stack positions out of 5000i,500n,10000p,200000b,80000s
{/usr/share/texmf-dist/fonts/enc/dvips/cm-super/cm-super-ts1.enc}</usr/share/
texmf-dist/fonts/type1/public/amsfonts/cm/cmbx10.pfb></usr/share/texmf-dist/fon
ts/type1/public/amsfonts/cm/cmbx12.pfb></usr/share/texmf-dist/fonts/type1/publi
c/amsfonts/cm/cmex10.pfb></usr/share/texmf-dist/fonts/type1/public/amsfonts/cm/
cmmi10.pfb></usr/share/texmf-dist/fonts/type1/public/amsfonts/cm/cmmi12.pfb></u
sr/share/texmf-dist/fonts/type1/public/amsfonts/cm/cmmi7.pfb></usr/share/texmf-
dist/fonts/type1/public/amsfonts/cm/cmmi8.pfb></usr/share/texmf-dist/fonts/type
1/public/amsfonts/cm/cmr10.pfb></usr/share/texmf-dist/fonts/type1/public/amsfon
ts/cm/cmr12.pfb></usr/share/texmf-dist/fonts/type1/public/amsfonts/cm/cmr17.pfb
></usr/share/texmf-dist/fonts/type1/public/amsfonts/cm/cmr5.pfb></usr/share/tex
mf-dist/fonts/type1/public/amsfonts/cm/cmr6.pfb></usr/share/texmf-dist/fonts/ty
pe1/public/amsfonts/cm/cmr7.pfb></usr/share/texmf-dist/fonts/type1/public/amsfo
nts/cm/cmr8.pfb></usr/share/texmf-dist/fonts/type1/public/amsfonts/cm/cmsy10.pf
b></usr/share/texmf-dist/fonts/type1/public/amsfonts/cm/cmsy8.pfb></usr/share/t
exmf-dist/fonts/type1/public/amsfonts/cm/cmtt8.pfb></usr/share/texmf-dist/fonts
/type1/public/cm-super/sfbx1440.pfb></usr/share/texmf-dist/fonts/type1/public/c
m-super/sfrm1200.pfb></usr/share/texmf-dist/fonts/type1/public/cm-super/sftt080
0.pfb>
Output written on mainfile.pdf (16 pages, 458982 bytes).
PDF statistics:
 163 PDF objects out of 1000 (max. 8388607)
 99 compressed objects within 1 object stream
 0 named destinations out of 1000 (max. 500000)
 66 words of extra memory for PDF output out of 10000 (max. 10000000)

