This is pdfTeX, Version 3.141592653-2.6-1.40.22 (TeX Live 2021/Arch Linux) (preloaded format=pdflatex 2021.5.28)  16 JUN 2021 13:36
entering extended mode
 restricted \write18 enabled.
 %&-line parsing enabled.
**main.tex
(./main.tex
LaTeX2e <2020-10-01> patch level 4
L3 programming layer <2021-02-18>
(/usr/share/texmf-dist/tex/latex/base/article.cls
Document Class: article 2020/04/10 v1.4m Standard LaTeX document class
(/usr/share/texmf-dist/tex/latex/base/size10.clo
File: size10.clo 2020/04/10 v1.4m Standard LaTeX file (size option)
)
\c@part=\count179
\c@section=\count180
\c@subsection=\count181
\c@subsubsection=\count182
\c@paragraph=\count183
\c@subparagraph=\count184
\c@figure=\count185
\c@table=\count186
\abovecaptionskip=\skip47
\belowcaptionskip=\skip48
\bibindent=\dimen138
)
(/usr/share/texmf-dist/tex/latex/xurl/xurl.sty
Package: xurl 2020/12/30 v 0.09a modify URL breaks

(/usr/share/texmf-dist/tex/latex/url/url.sty
\Urlmuskip=\muskip16
Package: url 2013/09/16  ver 3.4  Verb mode for urls, etc.
))
(/usr/share/texmf-dist/tex/latex/was/gensymb.sty
Package: gensymb 2003/07/02 v1.0 (WaS)
)
(/usr/share/texmf-dist/tex/latex/amsfonts/amssymb.sty
Package: amssymb 2013/01/14 v3.01 AMS font symbols

(/usr/share/texmf-dist/tex/latex/amsfonts/amsfonts.sty
Package: amsfonts 2013/01/14 v3.01 Basic AMSFonts support
\@emptytoks=\toks15
\symAMSa=\mathgroup4
\symAMSb=\mathgroup5
LaTeX Font Info:    Redeclaring math symbol \hbar on input line 98.
LaTeX Font Info:    Overwriting math alphabet `\mathfrak' in version `bold'
(Font)                  U/euf/m/n --> U/euf/b/n on input line 106.
))
(/usr/share/texmf-dist/tex/latex/pgf/utilities/pgfkeys.sty
(/usr/share/texmf-dist/tex/generic/pgf/utilities/pgfkeys.code.tex
\pgfkeys@pathtoks=\toks16
\pgfkeys@temptoks=\toks17

(/usr/share/texmf-dist/tex/generic/pgf/utilities/pgfkeysfiltered.code.tex
\pgfkeys@tmptoks=\toks18
)))
(/usr/share/texmf-dist/tex/latex/etoolbox/etoolbox.sty
Package: etoolbox 2020/10/05 v2.5k e-TeX tools for LaTeX (JAW)
\etb@tempcnta=\count187
)
(/usr/share/texmf-dist/tex/latex/base/ifthen.sty
Package: ifthen 2014/09/29 v1.1c Standard LaTeX ifthen package (DPC)
)
(/usr/share/texmf-dist/tex/latex/graphics/graphicx.sty
Package: graphicx 2020/09/09 v1.2b Enhanced LaTeX Graphics (DPC,SPQR)

(/usr/share/texmf-dist/tex/latex/graphics/keyval.sty
Package: keyval 2014/10/28 v1.15 key=value parser (DPC)
\KV@toks@=\toks19
)
(/usr/share/texmf-dist/tex/latex/graphics/graphics.sty
Package: graphics 2020/08/30 v1.4c Standard LaTeX Graphics (DPC,SPQR)

(/usr/share/texmf-dist/tex/latex/graphics/trig.sty
Package: trig 2016/01/03 v1.10 sin cos tan (DPC)
)
(/usr/share/texmf-dist/tex/latex/graphics-cfg/graphics.cfg
File: graphics.cfg 2016/06/04 v1.11 sample graphics configuration
)
Package graphics Info: Driver file: pdftex.def on input line 105.

(/usr/share/texmf-dist/tex/latex/graphics-def/pdftex.def
File: pdftex.def 2020/10/05 v1.2a Graphics/color driver for pdftex
))
\Gin@req@height=\dimen139
\Gin@req@width=\dimen140
)
(/usr/share/texmf-dist/tex/latex/listings/listings.sty
\lst@mode=\count188
\lst@gtempboxa=\box47
\lst@token=\toks20
\lst@length=\count189
\lst@currlwidth=\dimen141
\lst@column=\count190
\lst@pos=\count191
\lst@lostspace=\dimen142
\lst@width=\dimen143
\lst@newlines=\count192
\lst@lineno=\count193
\lst@maxwidth=\dimen144

(/usr/share/texmf-dist/tex/latex/listings/lstmisc.sty
File: lstmisc.sty 2020/03/24 1.8d (Carsten Heinz)
\c@lstnumber=\count194
\lst@skipnumbers=\count195
\lst@framebox=\box48
)
(/usr/share/texmf-dist/tex/latex/listings/listings.cfg
File: listings.cfg 2020/03/24 1.8d listings configuration
))
Package: listings 2020/03/24 1.8d (Carsten Heinz)

(/usr/share/texmf-dist/tex/latex/booktabs/booktabs.sty
Package: booktabs 2020/01/12 v1.61803398 Publication quality tables
\heavyrulewidth=\dimen145
\lightrulewidth=\dimen146
\cmidrulewidth=\dimen147
\belowrulesep=\dimen148
\belowbottomsep=\dimen149
\aboverulesep=\dimen150
\abovetopsep=\dimen151
\cmidrulesep=\dimen152
\cmidrulekern=\dimen153
\defaultaddspace=\dimen154
\@cmidla=\count196
\@cmidlb=\count197
\@aboverulesep=\dimen155
\@belowrulesep=\dimen156
\@thisruleclass=\count198
\@lastruleclass=\count199
\@thisrulewidth=\dimen157
)
(/usr/share/texmf-dist/tex/latex/tools/array.sty
Package: array 2020/10/01 v2.5c Tabular extension package (FMi)
\col@sep=\dimen158
\ar@mcellbox=\box49
\extrarowheight=\dimen159
\NC@list=\toks21
\extratabsurround=\skip49
\backup@length=\skip50
\ar@cellbox=\box50
)
(/usr/share/texmf-dist/tex/latex/was/upgreek.sty
Package: upgreek 2003/02/12 v2.0 (WaS)
Package upgreek Info: Using Euler Roman for upright Greek on input line 31.
\symugrf@m=\mathgroup6
LaTeX Font Info:    Overwriting symbol font `ugrf@m' in version `bold'
(Font)                  U/eur/m/n --> U/eur/b/n on input line 38.
)
(/usr/share/texmf-dist/tex/latex/base/inputenc.sty
Package: inputenc 2020/08/01 v1.3d Input encoding file
\inpenc@prehook=\toks22
\inpenc@posthook=\toks23
)
(/usr/share/texmf-dist/tex/latex/multirow/multirow.sty
Package: multirow 2021/03/15 v2.8 Span multiple rows of a table
\multirow@colwidth=\skip51
\multirow@cntb=\count266
\multirow@dima=\skip52
\bigstrutjot=\dimen160
)
(/usr/share/texmf-dist/tex/generic/soul/soul.sty
Package: soul 2003/11/17 v2.4 letterspacing/underlining (mf)
\SOUL@word=\toks24
\SOUL@lasttoken=\toks25
\SOUL@cmds=\toks26
\SOUL@buffer=\toks27
\SOUL@token=\toks28
\SOUL@spaceskip=\skip53
\SOUL@ttwidth=\dimen161
\SOUL@uldp=\dimen162
\SOUL@ulht=\dimen163
)
(/usr/share/texmf-dist/tex/latex/xcolor/xcolor.sty
Package: xcolor 2016/05/11 v2.12 LaTeX color extensions (UK)

(/usr/share/texmf-dist/tex/latex/graphics-cfg/color.cfg
File: color.cfg 2016/01/02 v1.6 sample color configuration
)
Package xcolor Info: Driver file: pdftex.def on input line 225.

(/usr/share/texmf-dist/tex/latex/colortbl/colortbl.sty
Package: colortbl 2020/01/04 v1.0e Color table columns (DPC)
\everycr=\toks29
\minrowclearance=\skip54
)
\rownum=\count267
Package xcolor Info: Model `cmy' substituted by `cmy0' on input line 1348.
Package xcolor Info: Model `hsb' substituted by `rgb' on input line 1352.
Package xcolor Info: Model `RGB' extended on input line 1364.
Package xcolor Info: Model `HTML' substituted by `rgb' on input line 1366.
Package xcolor Info: Model `Hsb' substituted by `hsb' on input line 1367.
Package xcolor Info: Model `tHsb' substituted by `hsb' on input line 1368.
Package xcolor Info: Model `HSB' substituted by `hsb' on input line 1369.
Package xcolor Info: Model `Gray' substituted by `gray' on input line 1370.
Package xcolor Info: Model `wave' substituted by `hsb' on input line 1371.
)
(/usr/share/texmf-dist/tex/latex/l3backend/l3backend-pdftex.def
File: l3backend-pdftex.def 2021-03-18 L3 backend support: PDF output (pdfTeX)
\l__color_backend_stack_int=\count268
\l__pdf_internal_box=\box51
)
No file main.aux.
\openout1 = `main.aux'.

LaTeX Font Info:    Checking defaults for OML/cmm/m/it on input line 47.
LaTeX Font Info:    ... okay on input line 47.
LaTeX Font Info:    Checking defaults for OMS/cmsy/m/n on input line 47.
LaTeX Font Info:    ... okay on input line 47.
LaTeX Font Info:    Checking defaults for OT1/cmr/m/n on input line 47.
LaTeX Font Info:    ... okay on input line 47.
LaTeX Font Info:    Checking defaults for T1/cmr/m/n on input line 47.
LaTeX Font Info:    ... okay on input line 47.
LaTeX Font Info:    Checking defaults for TS1/cmr/m/n on input line 47.
LaTeX Font Info:    ... okay on input line 47.
LaTeX Font Info:    Checking defaults for OMX/cmex/m/n on input line 47.
LaTeX Font Info:    ... okay on input line 47.
LaTeX Font Info:    Checking defaults for U/cmr/m/n on input line 47.
LaTeX Font Info:    ... okay on input line 47.
LaTeX Info: Redefining \celsius on input line 47.
Package gensymb Info: Faking symbols for \degree and \celsius on input line 47.


Package gensymb Warning: Not defining \perthousand.

LaTeX Info: Redefining \ohm on input line 47.
Package gensymb Info: Using \Omega for \ohm on input line 47.

Package gensymb Warning: Not defining \micro.

(/usr/share/texmf-dist/tex/context/base/mkii/supp-pdf.mkii
[Loading MPS to PDF converter (version 2006.09.02).]
\scratchcounter=\count269
\scratchdimen=\dimen164
\scratchbox=\box52
\nofMPsegments=\count270
\nofMParguments=\count271
\everyMPshowfont=\toks30
\MPscratchCnt=\count272
\MPscratchDim=\dimen165
\MPnumerator=\count273
\makeMPintoPDFobject=\count274
\everyMPtoPDFconversion=\toks31
) (/usr/share/texmf-dist/tex/latex/epstopdf-pkg/epstopdf-base.sty
Package: epstopdf-base 2020-01-24 v2.11 Base part for package epstopdf
Package epstopdf-base Info: Redefining graphics rule for `.eps' on input line 4
85.

(/usr/share/texmf-dist/tex/latex/latexconfig/epstopdf-sys.cfg
File: epstopdf-sys.cfg 2010/07/13 v1.3 Configuration of (r)epstopdf for TeX Liv
e
))
\c@lstlisting=\count275
 [1

{/var/lib/texmf/fonts/map/pdftex/updmap/pdftex.map}]
LaTeX Font Info:    Trying to load font information for U+msa on input line 89.


(/usr/share/texmf-dist/tex/latex/amsfonts/umsa.fd
File: umsa.fd 2013/01/14 v3.01 AMS symbols A
)
LaTeX Font Info:    Trying to load font information for U+msb on input line 89.


(/usr/share/texmf-dist/tex/latex/amsfonts/umsb.fd
File: umsb.fd 2013/01/14 v3.01 AMS symbols B
)
<CRO-Block-Diagram.jpg, id=9, 796.9775pt x 412.54124pt>
File: CRO-Block-Diagram.jpg Graphic file (type jpg)
<use CRO-Block-Diagram.jpg>
Package pdftex.def Info: CRO-Block-Diagram.jpg  used on input line 115.
(pdftex.def)             Requested size: 284.52756pt x 147.28093pt.


LaTeX Warning: Citation `CRO' on page 2 undefined on input line 116.

[2]
Overfull \hbox (2.67894pt too wide) in paragraph at lines 121--122
\OT1/cmr/m/n/12 quency of ap-plied sig-nal or some in-te-gral mul-ti-ple $(\OML
/cmm/m/it/12 nf; n \OT1/cmr/m/n/12 = 1\OML/cmm/m/it/12 ; \OT1/cmr/m/n/12 2\OML/
cmm/m/it/12 ; \OT1/cmr/m/n/12 3 [])$,
 []

[3 <./CRO-Block-Diagram.jpg>]
! Undefined control sequence.
l.126 x=a \sin\omega t $\text
                              { and }$$ y=b \sin (\omega t+\theta)
? 
! Display math should end with $$.
<to be read again> 
                   {
l.126 x=a \sin\omega t $\text {
                                and }$$ y=b \sin (\omega t+\theta)
? 
! Undefined control sequence.
<recently read> \text 
                      
l.135 \text
             or }\\
? 
! Extra }, or forgotten $.
l.135 \text  or }
                 \\
? 

Underfull \hbox (badness 10000) in paragraph at lines 138--145

 []


Underfull \hbox (badness 10000) in paragraph at lines 138--145

 []

[4]
<LR.png, id=28, 298.11375pt x 170.6375pt>

! Missing number, treated as zero.
<to be read again> 
                   \relax 
l.153 ...graphics[width = 10cm \textwidth]{LR.png}
                                                  
? 
! Illegal unit of measure (pt inserted).
<to be read again> 
                   \relax 
l.153 ...graphics[width = 10cm \textwidth]{LR.png}
                                                  
? 
! Missing number, treated as zero.
<to be read again> 
                   \relax 
l.153 ...graphics[width = 10cm \textwidth]{LR.png}
                                                  
? 
! Illegal unit of measure (pt inserted).
<to be read again> 
                   \relax 
l.153 ...graphics[width = 10cm \textwidth]{LR.png}
                                                  
? 
File: LR.png Graphic file (type png)
<use LR.png>
Package pdftex.def Info: LR.png  used on input line 153.
(pdftex.def)             Requested size: 284.52756pt x 162.87018pt.

LaTeX Warning: Citation `rl_circuit' on page 5 undefined on input line 154.

[5 <./LR.png>]
<stream.png, id=34, 44.165pt x 44.165pt>
File: stream.png Graphic file (type png)
<use stream.png>
Package pdftex.def Info: stream.png  used on input line 171.
(pdftex.def)             Requested size: 28.45284pt x 28.45284pt.
<lissajous.png, id=36, 337.26pt x 165.61874pt>

! Missing number, treated as zero.
<to be read again> 
                   \relax 
l.187 ...s[width = 10cm \textwidth]{lissajous.png}
                                                  
? 
! Illegal unit of measure (pt inserted).
<to be read again> 
                   \relax 
l.187 ...s[width = 10cm \textwidth]{lissajous.png}
                                                  
? 
! Missing number, treated as zero.
<to be read again> 
                   \relax 
l.187 ...s[width = 10cm \textwidth]{lissajous.png}
                                                  
? 
! Illegal unit of measure (pt inserted).
<to be read again> 
                   \relax 
l.187 ...s[width = 10cm \textwidth]{lissajous.png}
                                                  
? 
File: lissajous.png Graphic file (type png)
<use lissajous.png>
Package pdftex.def Info: lissajous.png  used on input line 187.
(pdftex.def)             Requested size: 284.52756pt x 139.7253pt.
[6 <./stream.png> <./lissajous.png>]
Overfull \hbox (0.82253pt too wide) in paragraph at lines 194--195
[]\OT1/cmr/m/n/12 Connect the un-known A.C. source to $\OML/cmm/m/it/12 Y$ \OT1
/cmr/m/n/12 -INPUT (VER-INPUT)
 []

! Undefined control sequence.
l.197     \item Set the cross wire at $k^{\text
                                                {th }}$ ring then move towar...

? 
! Undefined control sequence.
l.197 ...{th }}$ ring then move towards $20^{\text
                                                   {th }}$ and note down the...

? 
[7]
Overfull \hbox (2.03357pt too wide) in paragraph at lines 205--205
[]\OT1/cmr/bx/n/17.28 EXPERIMENT DATA AND CAL-CU-
 []


Underfull \hbox (badness 10000) in paragraph at lines 206--214

 []


Underfull \hbox (badness 10000) in paragraph at lines 206--214

 []


Underfull \hbox (badness 10000) in paragraph at lines 206--214

 []


Underfull \hbox (badness 10000) in paragraph at lines 206--214

 []

! Display math should end with $$.
<to be read again> 
                    
l.214 Resistance of inductor = 100 $$\Omega$ 
                                             \\
? 
! Missing $ inserted.
<inserted text> 
                $
l.216 Phase Difference($\theta$) = T_
                                     {d} / T_{p} \times 360 \\
? 
! Missing $ inserted.
<inserted text> 
                $
l.218 \vskip
             =10 n s / 100 n s \times 360^{\circ} \times \pi/180 =\theta_{ra...

? 

Underfull \hbox (badness 10000) in paragraph at lines 214--218

 []


Underfull \hbox (badness 10000) in paragraph at lines 214--218

 []

! Missing number, treated as zero.
<to be read again> 
                   =
l.218 \vskip =
              10 n s / 100 n s \times 360^{\circ} \times \pi/180 =\theta_{ra...

? 
! Illegal unit of measure (pt inserted).
<to be read again> 
                   =
l.218 \vskip =
              10 n s / 100 n s \times 360^{\circ} \times \pi/180 =\theta_{ra...

? 
! Missing $ inserted.
<inserted text> 
                $
l.218 \vskip =10 n s / 100 n s \times
                                      360^{\circ} \times \pi/180 =\theta_{ra...

? 

Underfull \hbox (badness 10000) in paragraph at lines 218--220

 []


Underfull \hbox (badness 10000) in paragraph at lines 218--220

 []

! Missing number, treated as zero.
<to be read again> 
                   H
l.220 \vskip H
              ere, $T_d$ and $T_p$ are time delay and time period respective...

? 
! Illegal unit of measure (pt inserted).
<to be read again> 
                   H
l.220 \vskip H
              ere, $T_d$ and $T_p$ are time delay and time period respective...

? 
! Missing $ inserted.
<inserted text> 
                $
l.222 x = $A_x$$\sin($2\times
                              \omega \times t$) \\
? 
! Missing $ inserted.
<inserted text> 
                $
l.224 y = $A_y$$\sin($2\times
                              \omega \times t$ + $\theta$)
? 

Underfull \hbox (badness 10000) in paragraph at lines 220--226

 []


Underfull \hbox (badness 10000) in paragraph at lines 220--226

 []


Underfull \hbox (badness 10000) in paragraph at lines 220--226

 []

! Missing number, treated as zero.
<to be read again> 
                   H
l.226 \vskip H
              ere, $A_x$ and $A_y$ are peak amplitude of x and y waveform \\
? 
! Illegal unit of measure (pt inserted).
<to be read again> 
                   H
l.226 \vskip H
              ere, $A_x$ and $A_y$ are peak amplitude of x and y waveform \\
? 

Underfull \hbox (badness 10000) in paragraph at lines 226--227

 []

<1.png, id=46, 300.12125pt x 288.07625pt>
File: 1.png Graphic file (type png)
<use 1.png>
Package pdftex.def Info: 1.png  used on input line 236.
(pdftex.def)             Requested size: 144.54198pt x 108.40634pt.

Overfull \hbox (2.2782pt too wide) in paragraph at lines 236--237
[]|[]| 
 []

<2.png, id=47, 300.12125pt x 288.07625pt>
File: 2.png Graphic file (type png)
<use 2.png>
Package pdftex.def Info: 2.png  used on input line 239.
(pdftex.def)             Requested size: 144.54198pt x 108.40634pt.

Overfull \hbox (2.2782pt too wide) in paragraph at lines 239--240
[]|[]| 
 []

<3.png, id=48, 300.12125pt x 288.07625pt>
File: 3.png Graphic file (type png)
<use 3.png>
Package pdftex.def Info: 3.png  used on input line 242.
(pdftex.def)             Requested size: 144.54198pt x 108.40634pt.

Overfull \hbox (2.2782pt too wide) in paragraph at lines 242--243
[]|[]| 
 []

<4.png, id=49, 300.12125pt x 285.065pt>
File: 4.png Graphic file (type png)
<use 4.png>
Package pdftex.def Info: 4.png  used on input line 245.
(pdftex.def)             Requested size: 144.54198pt x 108.40411pt.

Overfull \hbox (2.2782pt too wide) in paragraph at lines 245--246
[]|[]| 
 []

<5.png, id=50, 300.12125pt x 284.06125pt>
File: 5.png Graphic file (type png)
<use 5.png>
Package pdftex.def Info: 5.png  used on input line 248.
(pdftex.def)             Requested size: 144.54198pt x 108.40382pt.

Overfull \hbox (2.2782pt too wide) in paragraph at lines 248--249
[]|[]| 
 []


Overfull \hbox (123.11214pt too wide) in paragraph at lines 231--251
 [][] 
 []


LaTeX Warning: Float too large for page by 91.43945pt on input line 254.

[8] [9 <./1.png> <./2.png> <./3.png> <./4.png> <./5.png>]
<6.png, id=64, 300.12125pt x 288.07625pt>
File: 6.png Graphic file (type png)
<use 6.png>
Package pdftex.def Info: 6.png  used on input line 264.
(pdftex.def)             Requested size: 144.54198pt x 108.40634pt.

Overfull \hbox (2.2782pt too wide) in paragraph at lines 264--265
[]|[]| 
 []

<7.png, id=65, 300.12125pt x 288.07625pt>
File: 7.png Graphic file (type png)
<use 7.png>
Package pdftex.def Info: 7.png  used on input line 267.
(pdftex.def)             Requested size: 144.54198pt x 108.40634pt.

Overfull \hbox (2.2782pt too wide) in paragraph at lines 267--268
[]|[]| 
 []

<8.png, id=66, 300.12125pt x 288.07625pt>
File: 8.png Graphic file (type png)
<use 8.png>
Package pdftex.def Info: 8.png  used on input line 270.
(pdftex.def)             Requested size: 144.54198pt x 108.40634pt.

Overfull \hbox (2.2782pt too wide) in paragraph at lines 270--271
[]|[]| 
 []


Overfull \hbox (123.11214pt too wide) in paragraph at lines 259--274
 [][] 
 []

[10 <./6.png> <./7.png> <./8.png>]
<v_vs_theta.png, id=73, 442.65375pt x 310.15875pt>
File: v_vs_theta.png Graphic file (type png)
<use v_vs_theta.png>
Package pdftex.def Info: v_vs_theta.png  used on input line 282.
(pdftex.def)             Requested size: 284.54022pt x 284.52603pt.

(/usr/share/texmf-dist/tex/latex/listings/lstlang1.sty
File: lstlang1.sty 2020/03/24 1.8d listings language file
) [11 <./v_vs_theta.png>]
LaTeX Font Info:    Trying to load font information for TS1+cmtt on input line 
311.
(/usr/share/texmf-dist/tex/latex/base/ts1cmtt.fd
File: ts1cmtt.fd 2019/12/16 v2.5j Standard LaTeX font definitions
) [12]

! LaTeX Error: \begin{document} ended by \end{frame}.

See the LaTeX manual or LaTeX Companion for explanation.
Type  H <return>  for immediate help.
 ...                                              
                                                  
l.390 \end{frame}
                 
? 
! Missing } inserted.
<inserted text> 
                }
l.390 \end{frame}
                 
? 
! Extra \endgroup.
<recently read> \endgroup 
                          
l.390 \end{frame}
                 
? 

Underfull \hbox (badness 10000) in paragraph at lines 393--397

 []

[13]
Underfull \hbox (badness 10000) in paragraph at lines 403--407

 []

[14]
! Misplaced alignment tab character &.
l.418 S. CHAND &
                 COMPANY LTD.
? 
[15] (./main.aux)

LaTeX Warning: There were undefined references.


LaTeX Warning: Label(s) may have changed. Rerun to get cross-references right.

 ) 
Here is how much of TeX's memory you used:
 5565 strings out of 478994
 77723 string characters out of 5864751
 946711 words of memory out of 5000000
 22965 multiletter control sequences out of 15000+600000
 416800 words of font info for 78 fonts, out of 8000000 for 9000
 1141 hyphenation exceptions out of 8191
 68i,16n,74p,402b,1813s stack positions out of 5000i,500n,10000p,200000b,80000s
{/usr/share/texmf-dist/fonts/enc/dvips/cm-super/cm-super-ts1.enc}</usr/share/
texmf-dist/fonts/type1/public/amsfonts/cm/cmbx10.pfb></usr/share/texmf-dist/fon
ts/type1/public/amsfonts/cm/cmbx12.pfb></usr/share/texmf-dist/fonts/type1/publi
c/amsfonts/cm/cmex10.pfb></usr/share/texmf-dist/fonts/type1/public/amsfonts/cm/
cmmi10.pfb></usr/share/texmf-dist/fonts/type1/public/amsfonts/cm/cmmi12.pfb></u
sr/share/texmf-dist/fonts/type1/public/amsfonts/cm/cmmi8.pfb></usr/share/texmf-
dist/fonts/type1/public/amsfonts/cm/cmr10.pfb></usr/share/texmf-dist/fonts/type
1/public/amsfonts/cm/cmr12.pfb></usr/share/texmf-dist/fonts/type1/public/amsfon
ts/cm/cmr17.pfb></usr/share/texmf-dist/fonts/type1/public/amsfonts/cm/cmr5.pfb>
</usr/share/texmf-dist/fonts/type1/public/amsfonts/cm/cmr6.pfb></usr/share/texm
f-dist/fonts/type1/public/amsfonts/cm/cmr7.pfb></usr/share/texmf-dist/fonts/typ
e1/public/amsfonts/cm/cmr8.pfb></usr/share/texmf-dist/fonts/type1/public/amsfon
ts/cm/cmsy10.pfb></usr/share/texmf-dist/fonts/type1/public/amsfonts/cm/cmsy8.pf
b></usr/share/texmf-dist/fonts/type1/public/amsfonts/cm/cmti12.pfb></usr/share/
texmf-dist/fonts/type1/public/amsfonts/cm/cmtt12.pfb></usr/share/texmf-dist/fon
ts/type1/public/amsfonts/cm/cmtt8.pfb></usr/share/texmf-dist/fonts/type1/public
/cm-super/sfbx1440.pfb></usr/share/texmf-dist/fonts/type1/public/cm-super/sfrm1
200.pfb></usr/share/texmf-dist/fonts/type1/public/cm-super/sftt0800.pfb>
Output written on main.pdf (15 pages, 470160 bytes).
PDF statistics:
 164 PDF objects out of 1000 (max. 8388607)
 100 compressed objects within 1 object stream
 0 named destinations out of 1000 (max. 500000)
 66 words of extra memory for PDF output out of 10000 (max. 10000000)

