
Angle of prism and Refractive index of the prism from fitting:
 [1.04579575 1.50106945] 

[47.01860351 46.41513369 45.86531544 45.3603979  44.89377642 44.46032214
 44.05595883 43.677384   43.32187829 42.98717135 42.67134485 42.37276088
 42.09000809 41.82186035 41.56724471 41.32521609 41.09493709 40.87566181
 40.66672255 40.46751898 40.27750911 40.09620181 39.92315046 39.75794763
 39.60022054 39.44962716 39.30585287 39.16860753 39.03762307 38.91265117
 38.79346144 38.67983972 38.57158654 38.46851586 38.37045389 38.27723803
 38.18871596 38.10474482 38.02519042 37.94992661 37.87883465 37.81180268
 37.74872518 37.68950259 37.63404082 37.58225094 37.53404878 37.48935468
 37.44809315 37.41019262 37.37558521 37.34420649 37.31599529 37.29089351
 37.26884591 37.24979999 37.23370581 37.22051587 37.21018497 37.20267007
 37.19793021 37.19592639 37.19662145 37.19998001 37.20596837 37.21455443
 37.22570761 37.23939877 37.25560019 37.27428542 37.29542933 37.31900794
 37.34499846 37.3733792  37.40412951 37.43722976 37.47266131 37.51040641
 37.55044824 37.59277082 37.63735899 37.68419839 37.73327541 37.78457718
 37.83809152 37.89380694 37.95171259 38.01179826 38.07405433 38.13847176
 38.20504209 38.27375738 38.34461022 38.4175937  38.4927014  38.56992735
 38.64926607 38.73071246 38.81426189 38.89991012]

Coordinates of minima of the graph (x,y):
 [48.48484848 37.19592639]
